{"F:\\Users\\Mizael\\WYDBR2.0\\src\\system_integrator.js": {"path":"F:\\Users\\Mizael\\WYDBR2.0\\src\\system_integrator.js","statementMap":{"0":{"start":{"line":8,"column":13},"end":{"line":8,"column":28}},"1":{"start":{"line":9,"column":11},"end":{"line":9,"column":24}},"2":{"start":{"line":12,"column":22},"end":{"line":252,"column":1}},"3":{"start":{"line":18,"column":4},"end":{"line":20,"column":5}},"4":{"start":{"line":19,"column":6},"end":{"line":19,"column":73}},"5":{"start":{"line":22,"column":4},"end":{"line":27,"column":6}},"6":{"start":{"line":28,"column":4},"end":{"line":28,"column":58}},"7":{"start":{"line":32,"column":19},"end":{"line":32,"column":43}},"8":{"start":{"line":33,"column":4},"end":{"line":33,"column":30}},"9":{"start":{"line":33,"column":17},"end":{"line":33,"column":30}},"10":{"start":{"line":35,"column":24},"end":{"line":35,"column":77}},"11":{"start":{"line":35,"column":58},"end":{"line":35,"column":76}},"12":{"start":{"line":36,"column":4},"end":{"line":39,"column":5}},"13":{"start":{"line":37,"column":6},"end":{"line":37,"column":105}},"14":{"start":{"line":38,"column":6},"end":{"line":38,"column":19}},"15":{"start":{"line":40,"column":4},"end":{"line":40,"column":16}},"16":{"start":{"line":44,"column":20},"end":{"line":44,"column":29}},"17":{"start":{"line":45,"column":27},"end":{"line":45,"column":36}},"18":{"start":{"line":47,"column":21},"end":{"line":64,"column":5}},"19":{"start":{"line":48,"column":6},"end":{"line":61,"column":7}},"20":{"start":{"line":49,"column":8},"end":{"line":49,"column":32}},"21":{"start":{"line":50,"column":8},"end":{"line":50,"column":39}},"22":{"start":{"line":52,"column":23},"end":{"line":52,"column":47}},"23":{"start":{"line":53,"column":8},"end":{"line":60,"column":9}},"24":{"start":{"line":54,"column":10},"end":{"line":59,"column":11}},"25":{"start":{"line":55,"column":12},"end":{"line":55,"column":24}},"26":{"start":{"line":56,"column":17},"end":{"line":59,"column":11}},"27":{"start":{"line":57,"column":12},"end":{"line":57,"column":85}},"28":{"start":{"line":58,"column":12},"end":{"line":58,"column":24}},"29":{"start":{"line":62,"column":6},"end":{"line":62,"column":40}},"30":{"start":{"line":63,"column":6},"end":{"line":63,"column":19}},"31":{"start":{"line":66,"column":4},"end":{"line":70,"column":5}},"32":{"start":{"line":67,"column":6},"end":{"line":69,"column":7}},"33":{"start":{"line":68,"column":8},"end":{"line":68,"column":20}},"34":{"start":{"line":71,"column":4},"end":{"line":71,"column":17}},"35":{"start":{"line":75,"column":4},"end":{"line":77,"column":5}},"36":{"start":{"line":76,"column":6},"end":{"line":76,"column":85}},"37":{"start":{"line":79,"column":24},"end":{"line":79,"column":33}},"38":{"start":{"line":80,"column":20},"end":{"line":80,"column":45}},"39":{"start":{"line":81,"column":19},"end":{"line":81,"column":23}},"40":{"start":{"line":83,"column":4},"end":{"line":158,"column":5}},"41":{"start":{"line":84,"column":6},"end":{"line":84,"column":23}},"42":{"start":{"line":86,"column":6},"end":{"line":157,"column":7}},"43":{"start":{"line":87,"column":8},"end":{"line":87,"column":50}},"44":{"start":{"line":87,"column":41},"end":{"line":87,"column":50}},"45":{"start":{"line":89,"column":23},"end":{"line":89,"column":47}},"46":{"start":{"line":90,"column":8},"end":{"line":90,"column":61}},"47":{"start":{"line":90,"column":52},"end":{"line":90,"column":61}},"48":{"start":{"line":92,"column":29},"end":{"line":92,"column":54}},"49":{"start":{"line":93,"column":35},"end":{"line":95,"column":9}},"50":{"start":{"line":94,"column":10},"end":{"line":94,"column":52}},"51":{"start":{"line":97,"column":8},"end":{"line":156,"column":9}},"52":{"start":{"line":98,"column":10},"end":{"line":155,"column":11}},"53":{"start":{"line":99,"column":12},"end":{"line":99,"column":64}},"54":{"start":{"line":102,"column":12},"end":{"line":120,"column":13}},"55":{"start":{"line":104,"column":16},"end":{"line":104,"column":60}},"56":{"start":{"line":105,"column":19},"end":{"line":120,"column":13}},"57":{"start":{"line":106,"column":16},"end":{"line":106,"column":64}},"58":{"start":{"line":107,"column":19},"end":{"line":120,"column":13}},"59":{"start":{"line":109,"column":16},"end":{"line":109,"column":64}},"60":{"start":{"line":110,"column":19},"end":{"line":120,"column":13}},"61":{"start":{"line":111,"column":16},"end":{"line":111,"column":67}},"62":{"start":{"line":112,"column":19},"end":{"line":120,"column":13}},"63":{"start":{"line":113,"column":16},"end":{"line":113,"column":61}},"64":{"start":{"line":114,"column":19},"end":{"line":120,"column":13}},"65":{"start":{"line":115,"column":16},"end":{"line":115,"column":63}},"66":{"start":{"line":116,"column":19},"end":{"line":120,"column":13}},"67":{"start":{"line":117,"column":16},"end":{"line":117,"column":62}},"68":{"start":{"line":119,"column":16},"end":{"line":119,"column":60}},"69":{"start":{"line":122,"column":12},"end":{"line":132,"column":13}},"70":{"start":{"line":123,"column":14},"end":{"line":123,"column":70}},"71":{"start":{"line":125,"column":14},"end":{"line":131,"column":15}},"72":{"start":{"line":127,"column":33},"end":{"line":127,"column":89}},"73":{"start":{"line":128,"column":16},"end":{"line":128,"column":70}},"74":{"start":{"line":130,"column":16},"end":{"line":130,"column":28}},"75":{"start":{"line":134,"column":12},"end":{"line":136,"column":13}},"76":{"start":{"line":135,"column":14},"end":{"line":135,"column":112}},"77":{"start":{"line":138,"column":27},"end":{"line":138,"column":55}},"78":{"start":{"line":139,"column":12},"end":{"line":147,"column":13}},"79":{"start":{"line":140,"column":14},"end":{"line":140,"column":42}},"80":{"start":{"line":141,"column":14},"end":{"line":141,"column":54}},"81":{"start":{"line":142,"column":14},"end":{"line":142,"column":44}},"82":{"start":{"line":143,"column":14},"end":{"line":143,"column":30}},"83":{"start":{"line":144,"column":14},"end":{"line":144,"column":77}},"84":{"start":{"line":146,"column":14},"end":{"line":146,"column":77}},"85":{"start":{"line":149,"column":12},"end":{"line":149,"column":89}},"86":{"start":{"line":150,"column":12},"end":{"line":150,"column":54}},"87":{"start":{"line":151,"column":12},"end":{"line":151,"column":37}},"88":{"start":{"line":154,"column":12},"end":{"line":154,"column":54}},"89":{"start":{"line":160,"column":33},"end":{"line":160,"column":73}},"90":{"start":{"line":160,"column":53},"end":{"line":160,"column":72}},"91":{"start":{"line":161,"column":4},"end":{"line":164,"column":5}},"92":{"start":{"line":162,"column":6},"end":{"line":162,"column":111}},"93":{"start":{"line":163,"column":6},"end":{"line":163,"column":95}},"94":{"start":{"line":166,"column":4},"end":{"line":166,"column":47}},"95":{"start":{"line":170,"column":24},"end":{"line":170,"column":33}},"96":{"start":{"line":171,"column":20},"end":{"line":171,"column":29}},"97":{"start":{"line":174,"column":4},"end":{"line":174,"column":34}},"98":{"start":{"line":177,"column":27},"end":{"line":186,"column":5}},"99":{"start":{"line":178,"column":6},"end":{"line":178,"column":42}},"100":{"start":{"line":178,"column":35},"end":{"line":178,"column":42}},"101":{"start":{"line":179,"column":6},"end":{"line":179,"column":30}},"102":{"start":{"line":180,"column":6},"end":{"line":185,"column":7}},"103":{"start":{"line":181,"column":8},"end":{"line":184,"column":9}},"104":{"start":{"line":182,"column":10},"end":{"line":182,"column":32}},"105":{"start":{"line":183,"column":10},"end":{"line":183,"column":31}},"106":{"start":{"line":187,"column":4},"end":{"line":187,"column":33}},"107":{"start":{"line":190,"column":29},"end":{"line":199,"column":5}},"108":{"start":{"line":191,"column":21},"end":{"line":191,"column":45}},"109":{"start":{"line":192,"column":6},"end":{"line":192,"column":50}},"110":{"start":{"line":192,"column":43},"end":{"line":192,"column":50}},"111":{"start":{"line":193,"column":6},"end":{"line":198,"column":7}},"112":{"start":{"line":194,"column":8},"end":{"line":197,"column":9}},"113":{"start":{"line":195,"column":10},"end":{"line":195,"column":31}},"114":{"start":{"line":196,"column":10},"end":{"line":196,"column":32}},"115":{"start":{"line":200,"column":4},"end":{"line":200,"column":35}},"116":{"start":{"line":203,"column":4},"end":{"line":215,"column":5}},"117":{"start":{"line":204,"column":21},"end":{"line":204,"column":45}},"118":{"start":{"line":205,"column":6},"end":{"line":214,"column":7}},"119":{"start":{"line":206,"column":8},"end":{"line":213,"column":9}},"120":{"start":{"line":207,"column":10},"end":{"line":207,"column":37}},"121":{"start":{"line":208,"column":10},"end":{"line":208,"column":53}},"122":{"start":{"line":209,"column":10},"end":{"line":209,"column":40}},"123":{"start":{"line":210,"column":10},"end":{"line":210,"column":91}},"124":{"start":{"line":212,"column":10},"end":{"line":212,"column":84}},"125":{"start":{"line":219,"column":24},"end":{"line":219,"column":59}},"126":{"start":{"line":220,"column":4},"end":{"line":232,"column":5}},"127":{"start":{"line":221,"column":21},"end":{"line":221,"column":45}},"128":{"start":{"line":222,"column":6},"end":{"line":231,"column":7}},"129":{"start":{"line":223,"column":8},"end":{"line":230,"column":9}},"130":{"start":{"line":224,"column":10},"end":{"line":224,"column":37}},"131":{"start":{"line":225,"column":10},"end":{"line":225,"column":53}},"132":{"start":{"line":226,"column":10},"end":{"line":226,"column":37}},"133":{"start":{"line":227,"column":10},"end":{"line":227,"column":58}},"134":{"start":{"line":229,"column":10},"end":{"line":229,"column":84}},"135":{"start":{"line":236,"column":4},"end":{"line":250,"column":6}},"136":{"start":{"line":241,"column":61},"end":{"line":248,"column":9}},"137":{"start":{"line":256,"column":2},"end":{"line":256,"column":47}},"138":{"start":{"line":258,"column":2},"end":{"line":276,"column":3}},"139":{"start":{"line":260,"column":23},"end":{"line":260,"column":43}},"140":{"start":{"line":261,"column":4},"end":{"line":261,"column":35}},"141":{"start":{"line":264,"column":20},"end":{"line":264,"column":56}},"142":{"start":{"line":265,"column":4},"end":{"line":270,"column":5}},"143":{"start":{"line":266,"column":6},"end":{"line":266,"column":66}},"144":{"start":{"line":268,"column":6},"end":{"line":268,"column":95}},"145":{"start":{"line":269,"column":6},"end":{"line":269,"column":73}},"146":{"start":{"line":272,"column":4},"end":{"line":272,"column":19}},"147":{"start":{"line":274,"column":4},"end":{"line":274,"column":60}},"148":{"start":{"line":275,"column":4},"end":{"line":275,"column":17}},"149":{"start":{"line":281,"column":22},"end":{"line":289,"column":3}},"150":{"start":{"line":291,"column":2},"end":{"line":307,"column":3}},"151":{"start":{"line":292,"column":20},"end":{"line":292,"column":47}},"152":{"start":{"line":293,"column":4},"end":{"line":306,"column":5}},"153":{"start":{"line":294,"column":20},"end":{"line":294,"column":74}},"154":{"start":{"line":294,"column":56},"end":{"line":294,"column":73}},"155":{"start":{"line":295,"column":6},"end":{"line":305,"column":7}},"156":{"start":{"line":296,"column":8},"end":{"line":304,"column":9}},"157":{"start":{"line":297,"column":31},"end":{"line":297,"column":64}},"158":{"start":{"line":298,"column":10},"end":{"line":300,"column":11}},"159":{"start":{"line":299,"column":12},"end":{"line":299,"column":70}},"160":{"start":{"line":301,"column":10},"end":{"line":301,"column":50}},"161":{"start":{"line":303,"column":10},"end":{"line":303,"column":79}},"162":{"start":{"line":311,"column":0},"end":{"line":316,"column":2}},"163":{"start":{"line":314,"column":24},"end":{"line":314,"column":58}},"164":{"start":{"line":315,"column":25},"end":{"line":315,"column":56}}},"fnMap":{"0":{"name":"(anonymous_0)","decl":{"start":{"line":17,"column":18},"end":{"line":17,"column":19}},"loc":{"start":{"line":17,"column":39},"end":{"line":29,"column":3}},"line":17},"1":{"name":"(anonymous_1)","decl":{"start":{"line":31,"column":24},"end":{"line":31,"column":25}},"loc":{"start":{"line":31,"column":45},"end":{"line":41,"column":3}},"line":31},"2":{"name":"(anonymous_2)","decl":{"start":{"line":35,"column":51},"end":{"line":35,"column":52}},"loc":{"start":{"line":35,"column":58},"end":{"line":35,"column":76}},"line":35},"3":{"name":"(anonymous_3)","decl":{"start":{"line":43,"column":30},"end":{"line":43,"column":31}},"loc":{"start":{"line":43,"column":41},"end":{"line":72,"column":3}},"line":43},"4":{"name":"(anonymous_4)","decl":{"start":{"line":47,"column":21},"end":{"line":47,"column":22}},"loc":{"start":{"line":47,"column":37},"end":{"line":64,"column":5}},"line":47},"5":{"name":"(anonymous_5)","decl":{"start":{"line":74,"column":24},"end":{"line":74,"column":25}},"loc":{"start":{"line":74,"column":35},"end":{"line":167,"column":3}},"line":74},"6":{"name":"(anonymous_6)","decl":{"start":{"line":93,"column":54},"end":{"line":93,"column":55}},"loc":{"start":{"line":94,"column":10},"end":{"line":94,"column":52}},"line":94},"7":{"name":"(anonymous_7)","decl":{"start":{"line":160,"column":48},"end":{"line":160,"column":49}},"loc":{"start":{"line":160,"column":53},"end":{"line":160,"column":72}},"line":160},"8":{"name":"(anonymous_8)","decl":{"start":{"line":169,"column":28},"end":{"line":169,"column":29}},"loc":{"start":{"line":169,"column":51},"end":{"line":216,"column":3}},"line":169},"9":{"name":"(anonymous_9)","decl":{"start":{"line":177,"column":27},"end":{"line":177,"column":28}},"loc":{"start":{"line":177,"column":43},"end":{"line":186,"column":5}},"line":177},"10":{"name":"(anonymous_10)","decl":{"start":{"line":190,"column":29},"end":{"line":190,"column":30}},"loc":{"start":{"line":190,"column":45},"end":{"line":199,"column":5}},"line":190},"11":{"name":"(anonymous_11)","decl":{"start":{"line":218,"column":22},"end":{"line":218,"column":23}},"loc":{"start":{"line":218,"column":33},"end":{"line":233,"column":3}},"line":218},"12":{"name":"(anonymous_12)","decl":{"start":{"line":235,"column":19},"end":{"line":235,"column":20}},"loc":{"start":{"line":235,"column":30},"end":{"line":251,"column":3}},"line":235},"13":{"name":"(anonymous_13)","decl":{"start":{"line":241,"column":41},"end":{"line":241,"column":42}},"loc":{"start":{"line":241,"column":61},"end":{"line":248,"column":9}},"line":241},"14":{"name":"startEngine","decl":{"start":{"line":255,"column":9},"end":{"line":255,"column":20}},"loc":{"start":{"line":255,"column":23},"end":{"line":277,"column":1}},"line":255},"15":{"name":"registerAllSystems","decl":{"start":{"line":280,"column":9},"end":{"line":280,"column":27}},"loc":{"start":{"line":280,"column":37},"end":{"line":308,"column":1}},"line":280},"16":{"name":"(anonymous_16)","decl":{"start":{"line":294,"column":51},"end":{"line":294,"column":52}},"loc":{"start":{"line":294,"column":56},"end":{"line":294,"column":73}},"line":294},"17":{"name":"(anonymous_17)","decl":{"start":{"line":314,"column":18},"end":{"line":314,"column":19}},"loc":{"start":{"line":314,"column":24},"end":{"line":314,"column":58}},"line":314},"18":{"name":"(anonymous_18)","decl":{"start":{"line":315,"column":19},"end":{"line":315,"column":20}},"loc":{"start":{"line":315,"column":25},"end":{"line":315,"column":56}},"line":315}},"branchMap":{"0":{"loc":{"start":{"line":18,"column":4},"end":{"line":20,"column":5}},"type":"if","locations":[{"start":{"line":18,"column":4},"end":{"line":20,"column":5}},{"start":{},"end":{}}],"line":18},"1":{"loc":{"start":{"line":18,"column":8},"end":{"line":18,"column":46}},"type":"binary-expr","locations":[{"start":{"line":18,"column":8},"end":{"line":18,"column":24}},{"start":{"line":18,"column":28},"end":{"line":18,"column":46}}],"line":18},"2":{"loc":{"start":{"line":25,"column":20},"end":{"line":25,"column":49}},"type":"binary-expr","locations":[{"start":{"line":25,"column":20},"end":{"line":25,"column":43}},{"start":{"line":25,"column":47},"end":{"line":25,"column":49}}],"line":25},"3":{"loc":{"start":{"line":33,"column":4},"end":{"line":33,"column":30}},"type":"if","locations":[{"start":{"line":33,"column":4},"end":{"line":33,"column":30}},{"start":{},"end":{}}],"line":33},"4":{"loc":{"start":{"line":36,"column":4},"end":{"line":39,"column":5}},"type":"if","locations":[{"start":{"line":36,"column":4},"end":{"line":39,"column":5}},{"start":{},"end":{}}],"line":36},"5":{"loc":{"start":{"line":48,"column":6},"end":{"line":61,"column":7}},"type":"if","locations":[{"start":{"line":48,"column":6},"end":{"line":61,"column":7}},{"start":{},"end":{}}],"line":48},"6":{"loc":{"start":{"line":54,"column":10},"end":{"line":59,"column":11}},"type":"if","locations":[{"start":{"line":54,"column":10},"end":{"line":59,"column":11}},{"start":{"line":56,"column":17},"end":{"line":59,"column":11}}],"line":54},"7":{"loc":{"start":{"line":54,"column":14},"end":{"line":54,"column":48}},"type":"binary-expr","locations":[{"start":{"line":54,"column":14},"end":{"line":54,"column":31}},{"start":{"line":54,"column":35},"end":{"line":54,"column":48}}],"line":54},"8":{"loc":{"start":{"line":56,"column":17},"end":{"line":59,"column":11}},"type":"if","locations":[{"start":{"line":56,"column":17},"end":{"line":59,"column":11}},{"start":{},"end":{}}],"line":56},"9":{"loc":{"start":{"line":67,"column":6},"end":{"line":69,"column":7}},"type":"if","locations":[{"start":{"line":67,"column":6},"end":{"line":69,"column":7}},{"start":{},"end":{}}],"line":67},"10":{"loc":{"start":{"line":75,"column":4},"end":{"line":77,"column":5}},"type":"if","locations":[{"start":{"line":75,"column":4},"end":{"line":77,"column":5}},{"start":{},"end":{}}],"line":75},"11":{"loc":{"start":{"line":87,"column":8},"end":{"line":87,"column":50}},"type":"if","locations":[{"start":{"line":87,"column":8},"end":{"line":87,"column":50}},{"start":{},"end":{}}],"line":87},"12":{"loc":{"start":{"line":90,"column":8},"end":{"line":90,"column":61}},"type":"if","locations":[{"start":{"line":90,"column":8},"end":{"line":90,"column":61}},{"start":{},"end":{}}],"line":90},"13":{"loc":{"start":{"line":92,"column":29},"end":{"line":92,"column":54}},"type":"binary-expr","locations":[{"start":{"line":92,"column":29},"end":{"line":92,"column":48}},{"start":{"line":92,"column":52},"end":{"line":92,"column":54}}],"line":92},"14":{"loc":{"start":{"line":94,"column":10},"end":{"line":94,"column":52}},"type":"binary-expr","locations":[{"start":{"line":94,"column":10},"end":{"line":94,"column":28}},{"start":{"line":94,"column":32},"end":{"line":94,"column":52}}],"line":94},"15":{"loc":{"start":{"line":97,"column":8},"end":{"line":156,"column":9}},"type":"if","locations":[{"start":{"line":97,"column":8},"end":{"line":156,"column":9}},{"start":{},"end":{}}],"line":97},"16":{"loc":{"start":{"line":102,"column":12},"end":{"line":120,"column":13}},"type":"if","locations":[{"start":{"line":102,"column":12},"end":{"line":120,"column":13}},{"start":{"line":105,"column":19},"end":{"line":120,"column":13}}],"line":102},"17":{"loc":{"start":{"line":102,"column":16},"end":{"line":103,"column":82}},"type":"binary-expr","locations":[{"start":{"line":102,"column":16},"end":{"line":102,"column":49}},{"start":{"line":102,"column":53},"end":{"line":102,"column":96}},{"start":{"line":103,"column":16},"end":{"line":103,"column":44}},{"start":{"line":103,"column":48},"end":{"line":103,"column":82}}],"line":102},"18":{"loc":{"start":{"line":105,"column":19},"end":{"line":120,"column":13}},"type":"if","locations":[{"start":{"line":105,"column":19},"end":{"line":120,"column":13}},{"start":{"line":107,"column":19},"end":{"line":120,"column":13}}],"line":105},"19":{"loc":{"start":{"line":105,"column":23},"end":{"line":105,"column":87}},"type":"binary-expr","locations":[{"start":{"line":105,"column":23},"end":{"line":105,"column":52}},{"start":{"line":105,"column":56},"end":{"line":105,"column":87}}],"line":105},"20":{"loc":{"start":{"line":107,"column":19},"end":{"line":120,"column":13}},"type":"if","locations":[{"start":{"line":107,"column":19},"end":{"line":120,"column":13}},{"start":{"line":110,"column":19},"end":{"line":120,"column":13}}],"line":107},"21":{"loc":{"start":{"line":107,"column":23},"end":{"line":108,"column":88}},"type":"binary-expr","locations":[{"start":{"line":107,"column":23},"end":{"line":107,"column":55}},{"start":{"line":107,"column":59},"end":{"line":107,"column":91}},{"start":{"line":108,"column":22},"end":{"line":108,"column":53}},{"start":{"line":108,"column":57},"end":{"line":108,"column":88}}],"line":107},"22":{"loc":{"start":{"line":110,"column":19},"end":{"line":120,"column":13}},"type":"if","locations":[{"start":{"line":110,"column":19},"end":{"line":120,"column":13}},{"start":{"line":112,"column":19},"end":{"line":120,"column":13}}],"line":110},"23":{"loc":{"start":{"line":112,"column":19},"end":{"line":120,"column":13}},"type":"if","locations":[{"start":{"line":112,"column":19},"end":{"line":120,"column":13}},{"start":{"line":114,"column":19},"end":{"line":120,"column":13}}],"line":112},"24":{"loc":{"start":{"line":114,"column":19},"end":{"line":120,"column":13}},"type":"if","locations":[{"start":{"line":114,"column":19},"end":{"line":120,"column":13}},{"start":{"line":116,"column":19},"end":{"line":120,"column":13}}],"line":114},"25":{"loc":{"start":{"line":116,"column":19},"end":{"line":120,"column":13}},"type":"if","locations":[{"start":{"line":116,"column":19},"end":{"line":120,"column":13}},{"start":{"line":118,"column":19},"end":{"line":120,"column":13}}],"line":116},"26":{"loc":{"start":{"line":125,"column":14},"end":{"line":131,"column":15}},"type":"if","locations":[{"start":{"line":125,"column":14},"end":{"line":131,"column":15}},{"start":{"line":129,"column":21},"end":{"line":131,"column":15}}],"line":125},"27":{"loc":{"start":{"line":134,"column":12},"end":{"line":136,"column":13}},"type":"if","locations":[{"start":{"line":134,"column":12},"end":{"line":136,"column":13}},{"start":{},"end":{}}],"line":134},"28":{"loc":{"start":{"line":134,"column":16},"end":{"line":134,"column":84}},"type":"binary-expr","locations":[{"start":{"line":134,"column":16},"end":{"line":134,"column":32}},{"start":{"line":134,"column":36},"end":{"line":134,"column":84}}],"line":134},"29":{"loc":{"start":{"line":139,"column":12},"end":{"line":147,"column":13}},"type":"if","locations":[{"start":{"line":139,"column":12},"end":{"line":147,"column":13}},{"start":{"line":145,"column":19},"end":{"line":147,"column":13}}],"line":139},"30":{"loc":{"start":{"line":161,"column":4},"end":{"line":164,"column":5}},"type":"if","locations":[{"start":{"line":161,"column":4},"end":{"line":164,"column":5}},{"start":{},"end":{}}],"line":161},"31":{"loc":{"start":{"line":178,"column":6},"end":{"line":178,"column":42}},"type":"if","locations":[{"start":{"line":178,"column":6},"end":{"line":178,"column":42}},{"start":{},"end":{}}],"line":178},"32":{"loc":{"start":{"line":181,"column":8},"end":{"line":184,"column":9}},"type":"if","locations":[{"start":{"line":181,"column":8},"end":{"line":184,"column":9}},{"start":{},"end":{}}],"line":181},"33":{"loc":{"start":{"line":192,"column":6},"end":{"line":192,"column":50}},"type":"if","locations":[{"start":{"line":192,"column":6},"end":{"line":192,"column":50}},{"start":{},"end":{}}],"line":192},"34":{"loc":{"start":{"line":192,"column":10},"end":{"line":192,"column":41}},"type":"binary-expr","locations":[{"start":{"line":192,"column":10},"end":{"line":192,"column":17}},{"start":{"line":192,"column":21},"end":{"line":192,"column":41}}],"line":192},"35":{"loc":{"start":{"line":194,"column":8},"end":{"line":197,"column":9}},"type":"if","locations":[{"start":{"line":194,"column":8},"end":{"line":197,"column":9}},{"start":{},"end":{}}],"line":194},"36":{"loc":{"start":{"line":205,"column":6},"end":{"line":214,"column":7}},"type":"if","locations":[{"start":{"line":205,"column":6},"end":{"line":214,"column":7}},{"start":{},"end":{}}],"line":205},"37":{"loc":{"start":{"line":205,"column":10},"end":{"line":205,"column":85}},"type":"binary-expr","locations":[{"start":{"line":205,"column":10},"end":{"line":205,"column":16}},{"start":{"line":205,"column":20},"end":{"line":205,"column":35}},{"start":{"line":205,"column":39},"end":{"line":205,"column":85}}],"line":205},"38":{"loc":{"start":{"line":222,"column":6},"end":{"line":231,"column":7}},"type":"if","locations":[{"start":{"line":222,"column":6},"end":{"line":231,"column":7}},{"start":{},"end":{}}],"line":222},"39":{"loc":{"start":{"line":222,"column":10},"end":{"line":222,"column":75}},"type":"binary-expr","locations":[{"start":{"line":222,"column":10},"end":{"line":222,"column":25}},{"start":{"line":222,"column":29},"end":{"line":222,"column":75}}],"line":222},"40":{"loc":{"start":{"line":265,"column":4},"end":{"line":270,"column":5}},"type":"if","locations":[{"start":{"line":265,"column":4},"end":{"line":270,"column":5}},{"start":{"line":267,"column":11},"end":{"line":270,"column":5}}],"line":265},"41":{"loc":{"start":{"line":293,"column":4},"end":{"line":306,"column":5}},"type":"if","locations":[{"start":{"line":293,"column":4},"end":{"line":306,"column":5}},{"start":{},"end":{}}],"line":293},"42":{"loc":{"start":{"line":298,"column":10},"end":{"line":300,"column":11}},"type":"if","locations":[{"start":{"line":298,"column":10},"end":{"line":300,"column":11}},{"start":{},"end":{}}],"line":298}},"s":{"0":1,"1":1,"2":1,"3":8,"4":0,"5":8,"6":8,"7":6,"8":6,"9":0,"10":6,"11":4,"12":6,"13":1,"14":1,"15":5,"16":3,"17":3,"18":3,"19":6,"20":6,"21":6,"22":6,"23":6,"24":4,"25":1,"26":3,"27":1,"28":1,"29":4,"30":4,"31":3,"32":5,"33":1,"34":2,"35":2,"36":0,"37":2,"38":2,"39":2,"40":2,"41":4,"42":4,"43":8,"44":3,"45":5,"46":5,"47":0,"48":5,"49":5,"50":3,"51":5,"52":5,"53":5,"54":5,"55":0,"56":5,"57":0,"58":5,"59":0,"60":5,"61":0,"62":5,"63":0,"64":5,"65":0,"66":5,"67":0,"68":5,"69":5,"70":5,"71":0,"72":0,"73":0,"74":0,"75":5,"76":0,"77":5,"78":3,"79":3,"80":3,"81":3,"82":3,"83":3,"84":0,"85":2,"86":2,"87":2,"88":2,"89":2,"90":4,"91":2,"92":1,"93":1,"94":2,"95":2,"96":2,"97":2,"98":2,"99":2,"100":0,"101":2,"102":2,"103":4,"104":0,"105":0,"106":2,"107":2,"108":4,"109":4,"110":0,"111":4,"112":2,"113":2,"114":2,"115":2,"116":2,"117":4,"118":4,"119":4,"120":4,"121":4,"122":4,"123":4,"124":0,"125":0,"126":0,"127":0,"128":0,"129":0,"130":0,"131":0,"132":0,"133":0,"134":0,"135":0,"136":0,"137":0,"138":0,"139":0,"140":0,"141":0,"142":0,"143":0,"144":0,"145":0,"146":0,"147":0,"148":0,"149":0,"150":0,"151":0,"152":0,"153":0,"154":0,"155":0,"156":0,"157":0,"158":0,"159":0,"160":0,"161":0,"162":1,"163":0,"164":0},"f":{"0":8,"1":6,"2":4,"3":3,"4":6,"5":2,"6":3,"7":4,"8":2,"9":2,"10":4,"11":0,"12":0,"13":0,"14":0,"15":0,"16":0,"17":0,"18":0},"b":{"0":[0,8],"1":[8,8],"2":[8,0],"3":[0,6],"4":[1,5],"5":[6,0],"6":[1,3],"7":[4,1],"8":[1,2],"9":[1,4],"10":[0,2],"11":[3,5],"12":[0,5],"13":[5,0],"14":[3,3],"15":[5,0],"16":[0,5],"17":[5,5,5,5],"18":[0,5],"19":[5,5],"20":[0,5],"21":[5,5,5,5],"22":[0,5],"23":[0,5],"24":[0,5],"25":[0,5],"26":[0,0],"27":[0,5],"28":[5,5],"29":[3,0],"30":[1,1],"31":[0,2],"32":[0,4],"33":[0,4],"34":[4,4],"35":[2,0],"36":[4,0],"37":[4,4,4],"38":[0,0],"39":[0,0],"40":[0,0],"41":[0,0],"42":[0,0]},"_coverageSchema":"1a1c01bbd47fc00a2c39e90264f33305004495a9","hash":"8f16da2ec728f842d6b47058ab0d1d774b468ef4"}
,"F:\\Users\\Mizael\\WYDBR2.0\\src\\core_systems\\sistema_banco_dados_distribuido.js": {"path":"F:\\Users\\Mizael\\WYDBR2.0\\src\\core_systems\\sistema_banco_dados_distribuido.js","statementMap":{"0":{"start":{"line":10,"column":0},"end":{"line":1753,"column":2}},"1":{"start":{"line":1756,"column":0},"end":{"line":1847,"column":2}},"2":{"start":{"line":1757,"column":2},"end":{"line":1757,"column":72}},"3":{"start":{"line":1760,"column":31},"end":{"line":1760,"column":67}},"4":{"start":{"line":1761,"column":22},"end":{"line":1761,"column":85}},"5":{"start":{"line":1761,"column":57},"end":{"line":1761,"column":84}},"6":{"start":{"line":1763,"column":2},"end":{"line":1765,"column":3}},"7":{"start":{"line":1764,"column":4},"end":{"line":1764,"column":91}},"8":{"start":{"line":1768,"column":2},"end":{"line":1772,"column":5}},"9":{"start":{"line":1774,"column":22},"end":{"line":1774,"column":27}},"10":{"start":{"line":1775,"column":23},"end":{"line":1775,"column":28}},"11":{"start":{"line":1776,"column":16},"end":{"line":1781,"column":3}},"12":{"start":{"line":1783,"column":2},"end":{"line":1846,"column":4}},"13":{"start":{"line":1785,"column":6},"end":{"line":1788,"column":7}},"14":{"start":{"line":1786,"column":8},"end":{"line":1786,"column":66}},"15":{"start":{"line":1787,"column":8},"end":{"line":1787,"column":20}},"16":{"start":{"line":1790,"column":6},"end":{"line":1803,"column":7}},"17":{"start":{"line":1792,"column":8},"end":{"line":1792,"column":78}},"18":{"start":{"line":1797,"column":8},"end":{"line":1797,"column":29}},"19":{"start":{"line":1798,"column":8},"end":{"line":1798,"column":74}},"20":{"start":{"line":1799,"column":8},"end":{"line":1799,"column":20}},"21":{"start":{"line":1801,"column":8},"end":{"line":1801,"column":79}},"22":{"start":{"line":1802,"column":8},"end":{"line":1802,"column":21}},"23":{"start":{"line":1807,"column":6},"end":{"line":1810,"column":7}},"24":{"start":{"line":1808,"column":8},"end":{"line":1808,"column":99}},"25":{"start":{"line":1809,"column":8},"end":{"line":1809,"column":20}},"26":{"start":{"line":1812,"column":6},"end":{"line":1826,"column":7}},"27":{"start":{"line":1813,"column":8},"end":{"line":1813,"column":30}},"28":{"start":{"line":1814,"column":8},"end":{"line":1814,"column":75}},"29":{"start":{"line":1819,"column":8},"end":{"line":1819,"column":30}},"30":{"start":{"line":1820,"column":8},"end":{"line":1820,"column":31}},"31":{"start":{"line":1821,"column":8},"end":{"line":1821,"column":71}},"32":{"start":{"line":1822,"column":8},"end":{"line":1822,"column":20}},"33":{"start":{"line":1824,"column":8},"end":{"line":1824,"column":76}},"34":{"start":{"line":1825,"column":8},"end":{"line":1825,"column":21}},"35":{"start":{"line":1830,"column":22},"end":{"line":1835,"column":5}},"36":{"start":{"line":1838,"column":23},"end":{"line":1838,"column":37}},"37":{"start":{"line":1840,"column":6},"end":{"line":1844,"column":8}},"38":{"start":{"line":1852,"column":23},"end":{"line":1852,"column":25}},"39":{"start":{"line":1853,"column":15},"end":{"line":1853,"column":37}},"40":{"start":{"line":1856,"column":23},"end":{"line":1856,"column":53}},"41":{"start":{"line":1858,"column":2},"end":{"line":1879,"column":3}},"42":{"start":{"line":1860,"column":4},"end":{"line":1878,"column":5}},"43":{"start":{"line":1877,"column":6},"end":{"line":1877,"column":52}},"44":{"start":{"line":1881,"column":2},"end":{"line":1881,"column":22}}},"fnMap":{"0":{"name":"(anonymous_0)","decl":{"start":{"line":1756,"column":29},"end":{"line":1756,"column":30}},"loc":{"start":{"line":1756,"column":53},"end":{"line":1847,"column":1}},"line":1756},"1":{"name":"(anonymous_1)","decl":{"start":{"line":1761,"column":50},"end":{"line":1761,"column":51}},"loc":{"start":{"line":1761,"column":57},"end":{"line":1761,"column":84}},"line":1761},"2":{"name":"(anonymous_2)","decl":{"start":{"line":1784,"column":16},"end":{"line":1784,"column":17}},"loc":{"start":{"line":1784,"column":22},"end":{"line":1804,"column":5}},"line":1784},"3":{"name":"(anonymous_3)","decl":{"start":{"line":1806,"column":14},"end":{"line":1806,"column":15}},"loc":{"start":{"line":1806,"column":20},"end":{"line":1827,"column":5}},"line":1806},"4":{"name":"(anonymous_4)","decl":{"start":{"line":1830,"column":15},"end":{"line":1830,"column":16}},"loc":{"start":{"line":1830,"column":22},"end":{"line":1835,"column":5}},"line":1830},"5":{"name":"(anonymous_5)","decl":{"start":{"line":1838,"column":16},"end":{"line":1838,"column":17}},"loc":{"start":{"line":1838,"column":23},"end":{"line":1838,"column":37}},"line":1838},"6":{"name":"(anonymous_6)","decl":{"start":{"line":1839,"column":19},"end":{"line":1839,"column":20}},"loc":{"start":{"line":1839,"column":33},"end":{"line":1845,"column":5}},"line":1839},"7":{"name":"getSystemDependencies","decl":{"start":{"line":1850,"column":9},"end":{"line":1850,"column":30}},"loc":{"start":{"line":1850,"column":33},"end":{"line":1882,"column":1}},"line":1850}},"branchMap":{"0":{"loc":{"start":{"line":1763,"column":2},"end":{"line":1765,"column":3}},"type":"if","locations":[{"start":{"line":1763,"column":2},"end":{"line":1765,"column":3}},{"start":{},"end":{}}],"line":1763},"1":{"loc":{"start":{"line":1785,"column":6},"end":{"line":1788,"column":7}},"type":"if","locations":[{"start":{"line":1785,"column":6},"end":{"line":1788,"column":7}},{"start":{},"end":{}}],"line":1785},"2":{"loc":{"start":{"line":1807,"column":6},"end":{"line":1810,"column":7}},"type":"if","locations":[{"start":{"line":1807,"column":6},"end":{"line":1810,"column":7}},{"start":{},"end":{}}],"line":1807},"3":{"loc":{"start":{"line":1807,"column":10},"end":{"line":1807,"column":42}},"type":"binary-expr","locations":[{"start":{"line":1807,"column":10},"end":{"line":1807,"column":24}},{"start":{"line":1807,"column":28},"end":{"line":1807,"column":42}}],"line":1807},"4":{"loc":{"start":{"line":1860,"column":4},"end":{"line":1878,"column":5}},"type":"if","locations":[{"start":{"line":1860,"column":4},"end":{"line":1878,"column":5}},{"start":{},"end":{}}],"line":1860},"5":{"loc":{"start":{"line":1860,"column":8},"end":{"line":1875,"column":45}},"type":"binary-expr","locations":[{"start":{"line":1860,"column":8},"end":{"line":1860,"column":38}},{"start":{"line":1861,"column":8},"end":{"line":1861,"column":38}},{"start":{"line":1862,"column":8},"end":{"line":1862,"column":35}},{"start":{"line":1863,"column":8},"end":{"line":1863,"column":45}},{"start":{"line":1864,"column":8},"end":{"line":1864,"column":35}},{"start":{"line":1865,"column":8},"end":{"line":1865,"column":37}},{"start":{"line":1866,"column":8},"end":{"line":1866,"column":44}},{"start":{"line":1867,"column":8},"end":{"line":1867,"column":38}},{"start":{"line":1868,"column":8},"end":{"line":1868,"column":38}},{"start":{"line":1869,"column":8},"end":{"line":1869,"column":38}},{"start":{"line":1870,"column":8},"end":{"line":1870,"column":42}},{"start":{"line":1871,"column":8},"end":{"line":1871,"column":38}},{"start":{"line":1872,"column":8},"end":{"line":1872,"column":40}},{"start":{"line":1873,"column":8},"end":{"line":1873,"column":38}},{"start":{"line":1874,"column":8},"end":{"line":1874,"column":39}},{"start":{"line":1875,"column":8},"end":{"line":1875,"column":45}}],"line":1860}},"s":{"0":0,"1":0,"2":0,"3":0,"4":0,"5":0,"6":0,"7":0,"8":0,"9":0,"10":0,"11":0,"12":0,"13":0,"14":0,"15":0,"16":0,"17":0,"18":0,"19":0,"20":0,"21":0,"22":0,"23":0,"24":0,"25":0,"26":0,"27":0,"28":0,"29":0,"30":0,"31":0,"32":0,"33":0,"34":0,"35":0,"36":0,"37":0,"38":0,"39":0,"40":0,"41":0,"42":0,"43":0,"44":0},"f":{"0":0,"1":0,"2":0,"3":0,"4":0,"5":0,"6":0,"7":0},"b":{"0":[0,0],"1":[0,0],"2":[0,0],"3":[0,0],"4":[0,0],"5":[0,0,0,0,0,0,0,0,0,0,0,0,0,0,0,0]}}
,"F:\\Users\\Mizael\\WYDBR2.0\\src\\core_systems\\sistema_cache_hierarquico.js": {"path":"F:\\Users\\Mizael\\WYDBR2.0\\src\\core_systems\\sistema_cache_hierarquico.js","statementMap":{"0":{"start":{"line":10,"column":0},"end":{"line":1772,"column":2}},"1":{"start":{"line":1775,"column":0},"end":{"line":1876,"column":2}},"2":{"start":{"line":1776,"column":2},"end":{"line":1776,"column":66}},"3":{"start":{"line":1779,"column":31},"end":{"line":1779,"column":98}},"4":{"start":{"line":1780,"column":22},"end":{"line":1780,"column":85}},"5":{"start":{"line":1780,"column":57},"end":{"line":1780,"column":84}},"6":{"start":{"line":1782,"column":2},"end":{"line":1784,"column":3}},"7":{"start":{"line":1783,"column":4},"end":{"line":1783,"column":91}},"8":{"start":{"line":1787,"column":2},"end":{"line":1791,"column":5}},"9":{"start":{"line":1793,"column":22},"end":{"line":1793,"column":27}},"10":{"start":{"line":1794,"column":23},"end":{"line":1794,"column":28}},"11":{"start":{"line":1795,"column":19},"end":{"line":1801,"column":3}},"12":{"start":{"line":1803,"column":2},"end":{"line":1875,"column":4}},"13":{"start":{"line":1805,"column":6},"end":{"line":1808,"column":7}},"14":{"start":{"line":1806,"column":8},"end":{"line":1806,"column":57}},"15":{"start":{"line":1807,"column":8},"end":{"line":1807,"column":20}},"16":{"start":{"line":1810,"column":6},"end":{"line":1823,"column":7}},"17":{"start":{"line":1812,"column":8},"end":{"line":1812,"column":69}},"18":{"start":{"line":1817,"column":8},"end":{"line":1817,"column":29}},"19":{"start":{"line":1818,"column":8},"end":{"line":1818,"column":65}},"20":{"start":{"line":1819,"column":8},"end":{"line":1819,"column":20}},"21":{"start":{"line":1821,"column":8},"end":{"line":1821,"column":70}},"22":{"start":{"line":1822,"column":8},"end":{"line":1822,"column":21}},"23":{"start":{"line":1827,"column":6},"end":{"line":1830,"column":7}},"24":{"start":{"line":1828,"column":8},"end":{"line":1828,"column":90}},"25":{"start":{"line":1829,"column":8},"end":{"line":1829,"column":20}},"26":{"start":{"line":1832,"column":6},"end":{"line":1846,"column":7}},"27":{"start":{"line":1833,"column":8},"end":{"line":1833,"column":30}},"28":{"start":{"line":1834,"column":8},"end":{"line":1834,"column":66}},"29":{"start":{"line":1839,"column":8},"end":{"line":1839,"column":30}},"30":{"start":{"line":1840,"column":8},"end":{"line":1840,"column":31}},"31":{"start":{"line":1841,"column":8},"end":{"line":1841,"column":62}},"32":{"start":{"line":1842,"column":8},"end":{"line":1842,"column":20}},"33":{"start":{"line":1844,"column":8},"end":{"line":1844,"column":67}},"34":{"start":{"line":1845,"column":8},"end":{"line":1845,"column":21}},"35":{"start":{"line":1850,"column":22},"end":{"line":1855,"column":5}},"36":{"start":{"line":1858,"column":26},"end":{"line":1858,"column":43}},"37":{"start":{"line":1860,"column":6},"end":{"line":1864,"column":8}},"38":{"start":{"line":1867,"column":6},"end":{"line":1873,"column":8}},"39":{"start":{"line":1881,"column":23},"end":{"line":1881,"column":25}},"40":{"start":{"line":1882,"column":15},"end":{"line":1882,"column":37}},"41":{"start":{"line":1885,"column":23},"end":{"line":1885,"column":53}},"42":{"start":{"line":1887,"column":2},"end":{"line":1908,"column":3}},"43":{"start":{"line":1889,"column":4},"end":{"line":1907,"column":5}},"44":{"start":{"line":1906,"column":6},"end":{"line":1906,"column":52}},"45":{"start":{"line":1910,"column":2},"end":{"line":1910,"column":22}}},"fnMap":{"0":{"name":"(anonymous_0)","decl":{"start":{"line":1775,"column":29},"end":{"line":1775,"column":30}},"loc":{"start":{"line":1775,"column":53},"end":{"line":1876,"column":1}},"line":1775},"1":{"name":"(anonymous_1)","decl":{"start":{"line":1780,"column":50},"end":{"line":1780,"column":51}},"loc":{"start":{"line":1780,"column":57},"end":{"line":1780,"column":84}},"line":1780},"2":{"name":"(anonymous_2)","decl":{"start":{"line":1804,"column":16},"end":{"line":1804,"column":17}},"loc":{"start":{"line":1804,"column":22},"end":{"line":1824,"column":5}},"line":1804},"3":{"name":"(anonymous_3)","decl":{"start":{"line":1826,"column":14},"end":{"line":1826,"column":15}},"loc":{"start":{"line":1826,"column":20},"end":{"line":1847,"column":5}},"line":1826},"4":{"name":"(anonymous_4)","decl":{"start":{"line":1850,"column":15},"end":{"line":1850,"column":16}},"loc":{"start":{"line":1850,"column":22},"end":{"line":1855,"column":5}},"line":1850},"5":{"name":"(anonymous_5)","decl":{"start":{"line":1858,"column":19},"end":{"line":1858,"column":20}},"loc":{"start":{"line":1858,"column":26},"end":{"line":1858,"column":43}},"line":1858},"6":{"name":"(anonymous_6)","decl":{"start":{"line":1859,"column":22},"end":{"line":1859,"column":23}},"loc":{"start":{"line":1859,"column":36},"end":{"line":1865,"column":5}},"line":1859},"7":{"name":"(anonymous_7)","decl":{"start":{"line":1866,"column":21},"end":{"line":1866,"column":22}},"loc":{"start":{"line":1866,"column":27},"end":{"line":1874,"column":5}},"line":1866},"8":{"name":"getSystemDependencies","decl":{"start":{"line":1879,"column":9},"end":{"line":1879,"column":30}},"loc":{"start":{"line":1879,"column":33},"end":{"line":1911,"column":1}},"line":1879}},"branchMap":{"0":{"loc":{"start":{"line":1782,"column":2},"end":{"line":1784,"column":3}},"type":"if","locations":[{"start":{"line":1782,"column":2},"end":{"line":1784,"column":3}},{"start":{},"end":{}}],"line":1782},"1":{"loc":{"start":{"line":1805,"column":6},"end":{"line":1808,"column":7}},"type":"if","locations":[{"start":{"line":1805,"column":6},"end":{"line":1808,"column":7}},{"start":{},"end":{}}],"line":1805},"2":{"loc":{"start":{"line":1827,"column":6},"end":{"line":1830,"column":7}},"type":"if","locations":[{"start":{"line":1827,"column":6},"end":{"line":1830,"column":7}},{"start":{},"end":{}}],"line":1827},"3":{"loc":{"start":{"line":1827,"column":10},"end":{"line":1827,"column":42}},"type":"binary-expr","locations":[{"start":{"line":1827,"column":10},"end":{"line":1827,"column":24}},{"start":{"line":1827,"column":28},"end":{"line":1827,"column":42}}],"line":1827},"4":{"loc":{"start":{"line":1889,"column":4},"end":{"line":1907,"column":5}},"type":"if","locations":[{"start":{"line":1889,"column":4},"end":{"line":1907,"column":5}},{"start":{},"end":{}}],"line":1889},"5":{"loc":{"start":{"line":1889,"column":8},"end":{"line":1904,"column":45}},"type":"binary-expr","locations":[{"start":{"line":1889,"column":8},"end":{"line":1889,"column":38}},{"start":{"line":1890,"column":8},"end":{"line":1890,"column":38}},{"start":{"line":1891,"column":8},"end":{"line":1891,"column":35}},{"start":{"line":1892,"column":8},"end":{"line":1892,"column":45}},{"start":{"line":1893,"column":8},"end":{"line":1893,"column":35}},{"start":{"line":1894,"column":8},"end":{"line":1894,"column":37}},{"start":{"line":1895,"column":8},"end":{"line":1895,"column":44}},{"start":{"line":1896,"column":8},"end":{"line":1896,"column":38}},{"start":{"line":1897,"column":8},"end":{"line":1897,"column":38}},{"start":{"line":1898,"column":8},"end":{"line":1898,"column":38}},{"start":{"line":1899,"column":8},"end":{"line":1899,"column":42}},{"start":{"line":1900,"column":8},"end":{"line":1900,"column":38}},{"start":{"line":1901,"column":8},"end":{"line":1901,"column":40}},{"start":{"line":1902,"column":8},"end":{"line":1902,"column":38}},{"start":{"line":1903,"column":8},"end":{"line":1903,"column":39}},{"start":{"line":1904,"column":8},"end":{"line":1904,"column":45}}],"line":1889}},"s":{"0":0,"1":0,"2":0,"3":0,"4":0,"5":0,"6":0,"7":0,"8":0,"9":0,"10":0,"11":0,"12":0,"13":0,"14":0,"15":0,"16":0,"17":0,"18":0,"19":0,"20":0,"21":0,"22":0,"23":0,"24":0,"25":0,"26":0,"27":0,"28":0,"29":0,"30":0,"31":0,"32":0,"33":0,"34":0,"35":0,"36":0,"37":0,"38":0,"39":0,"40":0,"41":0,"42":0,"43":0,"44":0,"45":0},"f":{"0":0,"1":0,"2":0,"3":0,"4":0,"5":0,"6":0,"7":0,"8":0},"b":{"0":[0,0],"1":[0,0],"2":[0,0],"3":[0,0],"4":[0,0],"5":[0,0,0,0,0,0,0,0,0,0,0,0,0,0,0,0]}}
,"F:\\Users\\Mizael\\WYDBR2.0\\src\\core_systems\\sistema_clustering_distribuido.js": {"path":"F:\\Users\\Mizael\\WYDBR2.0\\src\\core_systems\\sistema_clustering_distribuido.js","statementMap":{"0":{"start":{"line":10,"column":0},"end":{"line":1434,"column":2}},"1":{"start":{"line":1437,"column":0},"end":{"line":1540,"column":2}},"2":{"start":{"line":1438,"column":2},"end":{"line":1438,"column":71}},"3":{"start":{"line":1441,"column":31},"end":{"line":1441,"column":95}},"4":{"start":{"line":1442,"column":22},"end":{"line":1442,"column":85}},"5":{"start":{"line":1442,"column":57},"end":{"line":1442,"column":84}},"6":{"start":{"line":1444,"column":2},"end":{"line":1446,"column":3}},"7":{"start":{"line":1445,"column":4},"end":{"line":1445,"column":91}},"8":{"start":{"line":1449,"column":2},"end":{"line":1453,"column":5}},"9":{"start":{"line":1455,"column":22},"end":{"line":1455,"column":27}},"10":{"start":{"line":1456,"column":23},"end":{"line":1456,"column":28}},"11":{"start":{"line":1457,"column":21},"end":{"line":1464,"column":3}},"12":{"start":{"line":1466,"column":2},"end":{"line":1539,"column":4}},"13":{"start":{"line":1468,"column":6},"end":{"line":1471,"column":7}},"14":{"start":{"line":1469,"column":8},"end":{"line":1469,"column":62}},"15":{"start":{"line":1470,"column":8},"end":{"line":1470,"column":20}},"16":{"start":{"line":1473,"column":6},"end":{"line":1486,"column":7}},"17":{"start":{"line":1475,"column":8},"end":{"line":1475,"column":74}},"18":{"start":{"line":1480,"column":8},"end":{"line":1480,"column":29}},"19":{"start":{"line":1481,"column":8},"end":{"line":1481,"column":70}},"20":{"start":{"line":1482,"column":8},"end":{"line":1482,"column":20}},"21":{"start":{"line":1484,"column":8},"end":{"line":1484,"column":75}},"22":{"start":{"line":1485,"column":8},"end":{"line":1485,"column":21}},"23":{"start":{"line":1490,"column":6},"end":{"line":1493,"column":7}},"24":{"start":{"line":1491,"column":8},"end":{"line":1491,"column":95}},"25":{"start":{"line":1492,"column":8},"end":{"line":1492,"column":20}},"26":{"start":{"line":1495,"column":6},"end":{"line":1509,"column":7}},"27":{"start":{"line":1496,"column":8},"end":{"line":1496,"column":30}},"28":{"start":{"line":1497,"column":8},"end":{"line":1497,"column":71}},"29":{"start":{"line":1502,"column":8},"end":{"line":1502,"column":30}},"30":{"start":{"line":1503,"column":8},"end":{"line":1503,"column":31}},"31":{"start":{"line":1504,"column":8},"end":{"line":1504,"column":67}},"32":{"start":{"line":1505,"column":8},"end":{"line":1505,"column":20}},"33":{"start":{"line":1507,"column":8},"end":{"line":1507,"column":72}},"34":{"start":{"line":1508,"column":8},"end":{"line":1508,"column":21}},"35":{"start":{"line":1513,"column":22},"end":{"line":1518,"column":5}},"36":{"start":{"line":1521,"column":28},"end":{"line":1521,"column":47}},"37":{"start":{"line":1523,"column":6},"end":{"line":1527,"column":8}},"38":{"start":{"line":1530,"column":6},"end":{"line":1537,"column":8}},"39":{"start":{"line":1545,"column":23},"end":{"line":1545,"column":25}},"40":{"start":{"line":1546,"column":15},"end":{"line":1546,"column":37}},"41":{"start":{"line":1549,"column":23},"end":{"line":1549,"column":53}},"42":{"start":{"line":1551,"column":2},"end":{"line":1572,"column":3}},"43":{"start":{"line":1553,"column":4},"end":{"line":1571,"column":5}},"44":{"start":{"line":1570,"column":6},"end":{"line":1570,"column":52}},"45":{"start":{"line":1574,"column":2},"end":{"line":1574,"column":22}}},"fnMap":{"0":{"name":"(anonymous_0)","decl":{"start":{"line":1437,"column":29},"end":{"line":1437,"column":30}},"loc":{"start":{"line":1437,"column":53},"end":{"line":1540,"column":1}},"line":1437},"1":{"name":"(anonymous_1)","decl":{"start":{"line":1442,"column":50},"end":{"line":1442,"column":51}},"loc":{"start":{"line":1442,"column":57},"end":{"line":1442,"column":84}},"line":1442},"2":{"name":"(anonymous_2)","decl":{"start":{"line":1467,"column":16},"end":{"line":1467,"column":17}},"loc":{"start":{"line":1467,"column":22},"end":{"line":1487,"column":5}},"line":1467},"3":{"name":"(anonymous_3)","decl":{"start":{"line":1489,"column":14},"end":{"line":1489,"column":15}},"loc":{"start":{"line":1489,"column":20},"end":{"line":1510,"column":5}},"line":1489},"4":{"name":"(anonymous_4)","decl":{"start":{"line":1513,"column":15},"end":{"line":1513,"column":16}},"loc":{"start":{"line":1513,"column":22},"end":{"line":1518,"column":5}},"line":1513},"5":{"name":"(anonymous_5)","decl":{"start":{"line":1521,"column":21},"end":{"line":1521,"column":22}},"loc":{"start":{"line":1521,"column":28},"end":{"line":1521,"column":47}},"line":1521},"6":{"name":"(anonymous_6)","decl":{"start":{"line":1522,"column":24},"end":{"line":1522,"column":25}},"loc":{"start":{"line":1522,"column":38},"end":{"line":1528,"column":5}},"line":1522},"7":{"name":"(anonymous_7)","decl":{"start":{"line":1529,"column":23},"end":{"line":1529,"column":24}},"loc":{"start":{"line":1529,"column":29},"end":{"line":1538,"column":5}},"line":1529},"8":{"name":"getSystemDependencies","decl":{"start":{"line":1543,"column":9},"end":{"line":1543,"column":30}},"loc":{"start":{"line":1543,"column":33},"end":{"line":1575,"column":1}},"line":1543}},"branchMap":{"0":{"loc":{"start":{"line":1444,"column":2},"end":{"line":1446,"column":3}},"type":"if","locations":[{"start":{"line":1444,"column":2},"end":{"line":1446,"column":3}},{"start":{},"end":{}}],"line":1444},"1":{"loc":{"start":{"line":1468,"column":6},"end":{"line":1471,"column":7}},"type":"if","locations":[{"start":{"line":1468,"column":6},"end":{"line":1471,"column":7}},{"start":{},"end":{}}],"line":1468},"2":{"loc":{"start":{"line":1490,"column":6},"end":{"line":1493,"column":7}},"type":"if","locations":[{"start":{"line":1490,"column":6},"end":{"line":1493,"column":7}},{"start":{},"end":{}}],"line":1490},"3":{"loc":{"start":{"line":1490,"column":10},"end":{"line":1490,"column":42}},"type":"binary-expr","locations":[{"start":{"line":1490,"column":10},"end":{"line":1490,"column":24}},{"start":{"line":1490,"column":28},"end":{"line":1490,"column":42}}],"line":1490},"4":{"loc":{"start":{"line":1553,"column":4},"end":{"line":1571,"column":5}},"type":"if","locations":[{"start":{"line":1553,"column":4},"end":{"line":1571,"column":5}},{"start":{},"end":{}}],"line":1553},"5":{"loc":{"start":{"line":1553,"column":8},"end":{"line":1568,"column":45}},"type":"binary-expr","locations":[{"start":{"line":1553,"column":8},"end":{"line":1553,"column":38}},{"start":{"line":1554,"column":8},"end":{"line":1554,"column":38}},{"start":{"line":1555,"column":8},"end":{"line":1555,"column":35}},{"start":{"line":1556,"column":8},"end":{"line":1556,"column":45}},{"start":{"line":1557,"column":8},"end":{"line":1557,"column":35}},{"start":{"line":1558,"column":8},"end":{"line":1558,"column":37}},{"start":{"line":1559,"column":8},"end":{"line":1559,"column":44}},{"start":{"line":1560,"column":8},"end":{"line":1560,"column":38}},{"start":{"line":1561,"column":8},"end":{"line":1561,"column":38}},{"start":{"line":1562,"column":8},"end":{"line":1562,"column":38}},{"start":{"line":1563,"column":8},"end":{"line":1563,"column":42}},{"start":{"line":1564,"column":8},"end":{"line":1564,"column":38}},{"start":{"line":1565,"column":8},"end":{"line":1565,"column":40}},{"start":{"line":1566,"column":8},"end":{"line":1566,"column":38}},{"start":{"line":1567,"column":8},"end":{"line":1567,"column":39}},{"start":{"line":1568,"column":8},"end":{"line":1568,"column":45}}],"line":1553}},"s":{"0":0,"1":0,"2":0,"3":0,"4":0,"5":0,"6":0,"7":0,"8":0,"9":0,"10":0,"11":0,"12":0,"13":0,"14":0,"15":0,"16":0,"17":0,"18":0,"19":0,"20":0,"21":0,"22":0,"23":0,"24":0,"25":0,"26":0,"27":0,"28":0,"29":0,"30":0,"31":0,"32":0,"33":0,"34":0,"35":0,"36":0,"37":0,"38":0,"39":0,"40":0,"41":0,"42":0,"43":0,"44":0,"45":0},"f":{"0":0,"1":0,"2":0,"3":0,"4":0,"5":0,"6":0,"7":0,"8":0},"b":{"0":[0,0],"1":[0,0],"2":[0,0],"3":[0,0],"4":[0,0],"5":[0,0,0,0,0,0,0,0,0,0,0,0,0,0,0,0]}}
,"F:\\Users\\Mizael\\WYDBR2.0\\src\\core_systems\\sistema_eventos_distribuidos.js": {"path":"F:\\Users\\Mizael\\WYDBR2.0\\src\\core_systems\\sistema_eventos_distribuidos.js","statementMap":{"0":{"start":{"line":10,"column":0},"end":{"line":1230,"column":2}},"1":{"start":{"line":1233,"column":0},"end":{"line":1254,"column":2}},"2":{"start":{"line":1234,"column":2},"end":{"line":1234,"column":69}},"3":{"start":{"line":1237,"column":2},"end":{"line":1241,"column":5}},"4":{"start":{"line":1243,"column":2},"end":{"line":1253,"column":4}},"5":{"start":{"line":1246,"column":6},"end":{"line":1246,"column":18}},"6":{"start":{"line":1251,"column":6},"end":{"line":1251,"column":18}},"7":{"start":{"line":1259,"column":23},"end":{"line":1259,"column":25}},"8":{"start":{"line":1260,"column":15},"end":{"line":1260,"column":37}},"9":{"start":{"line":1263,"column":23},"end":{"line":1263,"column":53}},"10":{"start":{"line":1265,"column":2},"end":{"line":1286,"column":3}},"11":{"start":{"line":1267,"column":4},"end":{"line":1285,"column":5}},"12":{"start":{"line":1284,"column":6},"end":{"line":1284,"column":52}},"13":{"start":{"line":1288,"column":2},"end":{"line":1288,"column":22}}},"fnMap":{"0":{"name":"(anonymous_0)","decl":{"start":{"line":1233,"column":29},"end":{"line":1233,"column":30}},"loc":{"start":{"line":1233,"column":53},"end":{"line":1254,"column":1}},"line":1233},"1":{"name":"(anonymous_1)","decl":{"start":{"line":1244,"column":16},"end":{"line":1244,"column":17}},"loc":{"start":{"line":1244,"column":22},"end":{"line":1247,"column":5}},"line":1244},"2":{"name":"(anonymous_2)","decl":{"start":{"line":1249,"column":14},"end":{"line":1249,"column":15}},"loc":{"start":{"line":1249,"column":20},"end":{"line":1252,"column":5}},"line":1249},"3":{"name":"getSystemDependencies","decl":{"start":{"line":1257,"column":9},"end":{"line":1257,"column":30}},"loc":{"start":{"line":1257,"column":33},"end":{"line":1289,"column":1}},"line":1257}},"branchMap":{"0":{"loc":{"start":{"line":1267,"column":4},"end":{"line":1285,"column":5}},"type":"if","locations":[{"start":{"line":1267,"column":4},"end":{"line":1285,"column":5}},{"start":{},"end":{}}],"line":1267},"1":{"loc":{"start":{"line":1267,"column":8},"end":{"line":1282,"column":45}},"type":"binary-expr","locations":[{"start":{"line":1267,"column":8},"end":{"line":1267,"column":38}},{"start":{"line":1268,"column":8},"end":{"line":1268,"column":38}},{"start":{"line":1269,"column":8},"end":{"line":1269,"column":35}},{"start":{"line":1270,"column":8},"end":{"line":1270,"column":45}},{"start":{"line":1271,"column":8},"end":{"line":1271,"column":35}},{"start":{"line":1272,"column":8},"end":{"line":1272,"column":37}},{"start":{"line":1273,"column":8},"end":{"line":1273,"column":44}},{"start":{"line":1274,"column":8},"end":{"line":1274,"column":38}},{"start":{"line":1275,"column":8},"end":{"line":1275,"column":38}},{"start":{"line":1276,"column":8},"end":{"line":1276,"column":38}},{"start":{"line":1277,"column":8},"end":{"line":1277,"column":42}},{"start":{"line":1278,"column":8},"end":{"line":1278,"column":38}},{"start":{"line":1279,"column":8},"end":{"line":1279,"column":40}},{"start":{"line":1280,"column":8},"end":{"line":1280,"column":38}},{"start":{"line":1281,"column":8},"end":{"line":1281,"column":39}},{"start":{"line":1282,"column":8},"end":{"line":1282,"column":45}}],"line":1267}},"s":{"0":0,"1":0,"2":0,"3":0,"4":0,"5":0,"6":0,"7":0,"8":0,"9":0,"10":0,"11":0,"12":0,"13":0},"f":{"0":0,"1":0,"2":0,"3":0},"b":{"0":[0,0],"1":[0,0,0,0,0,0,0,0,0,0,0,0,0,0,0,0]}}
,"F:\\Users\\Mizael\\WYDBR2.0\\src\\economy_systems\\sistema_economico_avancado.js": {"path":"F:\\Users\\Mizael\\WYDBR2.0\\src\\economy_systems\\sistema_economico_avancado.js","statementMap":{"0":{"start":{"line":10,"column":0},"end":{"line":1359,"column":2}},"1":{"start":{"line":1362,"column":0},"end":{"line":1383,"column":2}},"2":{"start":{"line":1363,"column":2},"end":{"line":1363,"column":67}},"3":{"start":{"line":1366,"column":2},"end":{"line":1370,"column":5}},"4":{"start":{"line":1372,"column":2},"end":{"line":1382,"column":4}},"5":{"start":{"line":1375,"column":6},"end":{"line":1375,"column":18}},"6":{"start":{"line":1380,"column":6},"end":{"line":1380,"column":18}},"7":{"start":{"line":1388,"column":23},"end":{"line":1388,"column":25}},"8":{"start":{"line":1389,"column":15},"end":{"line":1389,"column":37}},"9":{"start":{"line":1392,"column":23},"end":{"line":1392,"column":53}},"10":{"start":{"line":1394,"column":2},"end":{"line":1415,"column":3}},"11":{"start":{"line":1396,"column":4},"end":{"line":1414,"column":5}},"12":{"start":{"line":1413,"column":6},"end":{"line":1413,"column":52}},"13":{"start":{"line":1417,"column":2},"end":{"line":1417,"column":22}}},"fnMap":{"0":{"name":"(anonymous_0)","decl":{"start":{"line":1362,"column":29},"end":{"line":1362,"column":30}},"loc":{"start":{"line":1362,"column":53},"end":{"line":1383,"column":1}},"line":1362},"1":{"name":"(anonymous_1)","decl":{"start":{"line":1373,"column":16},"end":{"line":1373,"column":17}},"loc":{"start":{"line":1373,"column":22},"end":{"line":1376,"column":5}},"line":1373},"2":{"name":"(anonymous_2)","decl":{"start":{"line":1378,"column":14},"end":{"line":1378,"column":15}},"loc":{"start":{"line":1378,"column":20},"end":{"line":1381,"column":5}},"line":1378},"3":{"name":"getSystemDependencies","decl":{"start":{"line":1386,"column":9},"end":{"line":1386,"column":30}},"loc":{"start":{"line":1386,"column":33},"end":{"line":1418,"column":1}},"line":1386}},"branchMap":{"0":{"loc":{"start":{"line":1396,"column":4},"end":{"line":1414,"column":5}},"type":"if","locations":[{"start":{"line":1396,"column":4},"end":{"line":1414,"column":5}},{"start":{},"end":{}}],"line":1396},"1":{"loc":{"start":{"line":1396,"column":8},"end":{"line":1411,"column":45}},"type":"binary-expr","locations":[{"start":{"line":1396,"column":8},"end":{"line":1396,"column":38}},{"start":{"line":1397,"column":8},"end":{"line":1397,"column":38}},{"start":{"line":1398,"column":8},"end":{"line":1398,"column":35}},{"start":{"line":1399,"column":8},"end":{"line":1399,"column":45}},{"start":{"line":1400,"column":8},"end":{"line":1400,"column":35}},{"start":{"line":1401,"column":8},"end":{"line":1401,"column":37}},{"start":{"line":1402,"column":8},"end":{"line":1402,"column":44}},{"start":{"line":1403,"column":8},"end":{"line":1403,"column":38}},{"start":{"line":1404,"column":8},"end":{"line":1404,"column":38}},{"start":{"line":1405,"column":8},"end":{"line":1405,"column":38}},{"start":{"line":1406,"column":8},"end":{"line":1406,"column":42}},{"start":{"line":1407,"column":8},"end":{"line":1407,"column":38}},{"start":{"line":1408,"column":8},"end":{"line":1408,"column":40}},{"start":{"line":1409,"column":8},"end":{"line":1409,"column":38}},{"start":{"line":1410,"column":8},"end":{"line":1410,"column":39}},{"start":{"line":1411,"column":8},"end":{"line":1411,"column":45}}],"line":1396}},"s":{"0":0,"1":0,"2":0,"3":0,"4":0,"5":0,"6":0,"7":0,"8":0,"9":0,"10":0,"11":0,"12":0,"13":0},"f":{"0":0,"1":0,"2":0,"3":0},"b":{"0":[0,0],"1":[0,0,0,0,0,0,0,0,0,0,0,0,0,0,0,0]}}
,"F:\\Users\\Mizael\\WYDBR2.0\\src\\environment_systems\\sistema_clima_ambiente.js": {"path":"F:\\Users\\Mizael\\WYDBR2.0\\src\\environment_systems\\sistema_clima_ambiente.js","statementMap":{"0":{"start":{"line":10,"column":0},"end":{"line":1400,"column":2}},"1":{"start":{"line":1403,"column":0},"end":{"line":1424,"column":2}},"2":{"start":{"line":1404,"column":2},"end":{"line":1404,"column":63}},"3":{"start":{"line":1407,"column":2},"end":{"line":1411,"column":5}},"4":{"start":{"line":1413,"column":2},"end":{"line":1423,"column":4}},"5":{"start":{"line":1416,"column":6},"end":{"line":1416,"column":18}},"6":{"start":{"line":1421,"column":6},"end":{"line":1421,"column":18}},"7":{"start":{"line":1429,"column":23},"end":{"line":1429,"column":25}},"8":{"start":{"line":1430,"column":15},"end":{"line":1430,"column":37}},"9":{"start":{"line":1433,"column":23},"end":{"line":1433,"column":53}},"10":{"start":{"line":1435,"column":2},"end":{"line":1456,"column":3}},"11":{"start":{"line":1437,"column":4},"end":{"line":1455,"column":5}},"12":{"start":{"line":1454,"column":6},"end":{"line":1454,"column":52}},"13":{"start":{"line":1458,"column":2},"end":{"line":1458,"column":22}}},"fnMap":{"0":{"name":"(anonymous_0)","decl":{"start":{"line":1403,"column":29},"end":{"line":1403,"column":30}},"loc":{"start":{"line":1403,"column":53},"end":{"line":1424,"column":1}},"line":1403},"1":{"name":"(anonymous_1)","decl":{"start":{"line":1414,"column":16},"end":{"line":1414,"column":17}},"loc":{"start":{"line":1414,"column":22},"end":{"line":1417,"column":5}},"line":1414},"2":{"name":"(anonymous_2)","decl":{"start":{"line":1419,"column":14},"end":{"line":1419,"column":15}},"loc":{"start":{"line":1419,"column":20},"end":{"line":1422,"column":5}},"line":1419},"3":{"name":"getSystemDependencies","decl":{"start":{"line":1427,"column":9},"end":{"line":1427,"column":30}},"loc":{"start":{"line":1427,"column":33},"end":{"line":1459,"column":1}},"line":1427}},"branchMap":{"0":{"loc":{"start":{"line":1437,"column":4},"end":{"line":1455,"column":5}},"type":"if","locations":[{"start":{"line":1437,"column":4},"end":{"line":1455,"column":5}},{"start":{},"end":{}}],"line":1437},"1":{"loc":{"start":{"line":1437,"column":8},"end":{"line":1452,"column":45}},"type":"binary-expr","locations":[{"start":{"line":1437,"column":8},"end":{"line":1437,"column":38}},{"start":{"line":1438,"column":8},"end":{"line":1438,"column":38}},{"start":{"line":1439,"column":8},"end":{"line":1439,"column":35}},{"start":{"line":1440,"column":8},"end":{"line":1440,"column":45}},{"start":{"line":1441,"column":8},"end":{"line":1441,"column":35}},{"start":{"line":1442,"column":8},"end":{"line":1442,"column":37}},{"start":{"line":1443,"column":8},"end":{"line":1443,"column":44}},{"start":{"line":1444,"column":8},"end":{"line":1444,"column":38}},{"start":{"line":1445,"column":8},"end":{"line":1445,"column":38}},{"start":{"line":1446,"column":8},"end":{"line":1446,"column":38}},{"start":{"line":1447,"column":8},"end":{"line":1447,"column":42}},{"start":{"line":1448,"column":8},"end":{"line":1448,"column":38}},{"start":{"line":1449,"column":8},"end":{"line":1449,"column":40}},{"start":{"line":1450,"column":8},"end":{"line":1450,"column":38}},{"start":{"line":1451,"column":8},"end":{"line":1451,"column":39}},{"start":{"line":1452,"column":8},"end":{"line":1452,"column":45}}],"line":1437}},"s":{"0":0,"1":0,"2":0,"3":0,"4":0,"5":0,"6":0,"7":0,"8":0,"9":0,"10":0,"11":0,"12":0,"13":0},"f":{"0":0,"1":0,"2":0,"3":0},"b":{"0":[0,0],"1":[0,0,0,0,0,0,0,0,0,0,0,0,0,0,0,0]}}
,"F:\\Users\\Mizael\\WYDBR2.0\\src\\events_systems\\sistema_eventos_mundiais.js": {"path":"F:\\Users\\Mizael\\WYDBR2.0\\src\\events_systems\\sistema_eventos_mundiais.js","statementMap":{"0":{"start":{"line":10,"column":0},"end":{"line":1195,"column":2}},"1":{"start":{"line":1198,"column":0},"end":{"line":1219,"column":2}},"2":{"start":{"line":1199,"column":2},"end":{"line":1199,"column":65}},"3":{"start":{"line":1202,"column":2},"end":{"line":1206,"column":5}},"4":{"start":{"line":1208,"column":2},"end":{"line":1218,"column":4}},"5":{"start":{"line":1211,"column":6},"end":{"line":1211,"column":18}},"6":{"start":{"line":1216,"column":6},"end":{"line":1216,"column":18}},"7":{"start":{"line":1224,"column":23},"end":{"line":1224,"column":25}},"8":{"start":{"line":1225,"column":15},"end":{"line":1225,"column":37}},"9":{"start":{"line":1228,"column":23},"end":{"line":1228,"column":53}},"10":{"start":{"line":1230,"column":2},"end":{"line":1251,"column":3}},"11":{"start":{"line":1232,"column":4},"end":{"line":1250,"column":5}},"12":{"start":{"line":1249,"column":6},"end":{"line":1249,"column":52}},"13":{"start":{"line":1253,"column":2},"end":{"line":1253,"column":22}}},"fnMap":{"0":{"name":"(anonymous_0)","decl":{"start":{"line":1198,"column":29},"end":{"line":1198,"column":30}},"loc":{"start":{"line":1198,"column":53},"end":{"line":1219,"column":1}},"line":1198},"1":{"name":"(anonymous_1)","decl":{"start":{"line":1209,"column":16},"end":{"line":1209,"column":17}},"loc":{"start":{"line":1209,"column":22},"end":{"line":1212,"column":5}},"line":1209},"2":{"name":"(anonymous_2)","decl":{"start":{"line":1214,"column":14},"end":{"line":1214,"column":15}},"loc":{"start":{"line":1214,"column":20},"end":{"line":1217,"column":5}},"line":1214},"3":{"name":"getSystemDependencies","decl":{"start":{"line":1222,"column":9},"end":{"line":1222,"column":30}},"loc":{"start":{"line":1222,"column":33},"end":{"line":1254,"column":1}},"line":1222}},"branchMap":{"0":{"loc":{"start":{"line":1232,"column":4},"end":{"line":1250,"column":5}},"type":"if","locations":[{"start":{"line":1232,"column":4},"end":{"line":1250,"column":5}},{"start":{},"end":{}}],"line":1232},"1":{"loc":{"start":{"line":1232,"column":8},"end":{"line":1247,"column":45}},"type":"binary-expr","locations":[{"start":{"line":1232,"column":8},"end":{"line":1232,"column":38}},{"start":{"line":1233,"column":8},"end":{"line":1233,"column":38}},{"start":{"line":1234,"column":8},"end":{"line":1234,"column":35}},{"start":{"line":1235,"column":8},"end":{"line":1235,"column":45}},{"start":{"line":1236,"column":8},"end":{"line":1236,"column":35}},{"start":{"line":1237,"column":8},"end":{"line":1237,"column":37}},{"start":{"line":1238,"column":8},"end":{"line":1238,"column":44}},{"start":{"line":1239,"column":8},"end":{"line":1239,"column":38}},{"start":{"line":1240,"column":8},"end":{"line":1240,"column":38}},{"start":{"line":1241,"column":8},"end":{"line":1241,"column":38}},{"start":{"line":1242,"column":8},"end":{"line":1242,"column":42}},{"start":{"line":1243,"column":8},"end":{"line":1243,"column":38}},{"start":{"line":1244,"column":8},"end":{"line":1244,"column":40}},{"start":{"line":1245,"column":8},"end":{"line":1245,"column":38}},{"start":{"line":1246,"column":8},"end":{"line":1246,"column":39}},{"start":{"line":1247,"column":8},"end":{"line":1247,"column":45}}],"line":1232}},"s":{"0":0,"1":0,"2":0,"3":0,"4":0,"5":0,"6":0,"7":0,"8":0,"9":0,"10":0,"11":0,"12":0,"13":0},"f":{"0":0,"1":0,"2":0,"3":0},"b":{"0":[0,0],"1":[0,0,0,0,0,0,0,0,0,0,0,0,0,0,0,0]}}
,"F:\\Users\\Mizael\\WYDBR2.0\\src\\gameplay_systems\\sistema_crafting_expandido.js": {"path":"F:\\Users\\Mizael\\WYDBR2.0\\src\\gameplay_systems\\sistema_crafting_expandido.js","statementMap":{"0":{"start":{"line":10,"column":0},"end":{"line":1354,"column":2}},"1":{"start":{"line":1357,"column":0},"end":{"line":1378,"column":2}},"2":{"start":{"line":1358,"column":2},"end":{"line":1358,"column":67}},"3":{"start":{"line":1361,"column":2},"end":{"line":1365,"column":5}},"4":{"start":{"line":1367,"column":2},"end":{"line":1377,"column":4}},"5":{"start":{"line":1370,"column":6},"end":{"line":1370,"column":18}},"6":{"start":{"line":1375,"column":6},"end":{"line":1375,"column":18}},"7":{"start":{"line":1383,"column":23},"end":{"line":1383,"column":25}},"8":{"start":{"line":1384,"column":15},"end":{"line":1384,"column":37}},"9":{"start":{"line":1387,"column":23},"end":{"line":1387,"column":53}},"10":{"start":{"line":1389,"column":2},"end":{"line":1410,"column":3}},"11":{"start":{"line":1391,"column":4},"end":{"line":1409,"column":5}},"12":{"start":{"line":1408,"column":6},"end":{"line":1408,"column":52}},"13":{"start":{"line":1412,"column":2},"end":{"line":1412,"column":22}}},"fnMap":{"0":{"name":"(anonymous_0)","decl":{"start":{"line":1357,"column":29},"end":{"line":1357,"column":30}},"loc":{"start":{"line":1357,"column":53},"end":{"line":1378,"column":1}},"line":1357},"1":{"name":"(anonymous_1)","decl":{"start":{"line":1368,"column":16},"end":{"line":1368,"column":17}},"loc":{"start":{"line":1368,"column":22},"end":{"line":1371,"column":5}},"line":1368},"2":{"name":"(anonymous_2)","decl":{"start":{"line":1373,"column":14},"end":{"line":1373,"column":15}},"loc":{"start":{"line":1373,"column":20},"end":{"line":1376,"column":5}},"line":1373},"3":{"name":"getSystemDependencies","decl":{"start":{"line":1381,"column":9},"end":{"line":1381,"column":30}},"loc":{"start":{"line":1381,"column":33},"end":{"line":1413,"column":1}},"line":1381}},"branchMap":{"0":{"loc":{"start":{"line":1391,"column":4},"end":{"line":1409,"column":5}},"type":"if","locations":[{"start":{"line":1391,"column":4},"end":{"line":1409,"column":5}},{"start":{},"end":{}}],"line":1391},"1":{"loc":{"start":{"line":1391,"column":8},"end":{"line":1406,"column":45}},"type":"binary-expr","locations":[{"start":{"line":1391,"column":8},"end":{"line":1391,"column":38}},{"start":{"line":1392,"column":8},"end":{"line":1392,"column":38}},{"start":{"line":1393,"column":8},"end":{"line":1393,"column":35}},{"start":{"line":1394,"column":8},"end":{"line":1394,"column":45}},{"start":{"line":1395,"column":8},"end":{"line":1395,"column":35}},{"start":{"line":1396,"column":8},"end":{"line":1396,"column":37}},{"start":{"line":1397,"column":8},"end":{"line":1397,"column":44}},{"start":{"line":1398,"column":8},"end":{"line":1398,"column":38}},{"start":{"line":1399,"column":8},"end":{"line":1399,"column":38}},{"start":{"line":1400,"column":8},"end":{"line":1400,"column":38}},{"start":{"line":1401,"column":8},"end":{"line":1401,"column":42}},{"start":{"line":1402,"column":8},"end":{"line":1402,"column":38}},{"start":{"line":1403,"column":8},"end":{"line":1403,"column":40}},{"start":{"line":1404,"column":8},"end":{"line":1404,"column":38}},{"start":{"line":1405,"column":8},"end":{"line":1405,"column":39}},{"start":{"line":1406,"column":8},"end":{"line":1406,"column":45}}],"line":1391}},"s":{"0":0,"1":0,"2":0,"3":0,"4":0,"5":0,"6":0,"7":0,"8":0,"9":0,"10":0,"11":0,"12":0,"13":0},"f":{"0":0,"1":0,"2":0,"3":0},"b":{"0":[0,0],"1":[0,0,0,0,0,0,0,0,0,0,0,0,0,0,0,0]}}
,"F:\\Users\\Mizael\\WYDBR2.0\\src\\gameplay_systems\\sistema_guerra_territorial.js": {"path":"F:\\Users\\Mizael\\WYDBR2.0\\src\\gameplay_systems\\sistema_guerra_territorial.js","statementMap":{"0":{"start":{"line":10,"column":0},"end":{"line":1663,"column":2}},"1":{"start":{"line":1666,"column":0},"end":{"line":1687,"column":2}},"2":{"start":{"line":1667,"column":2},"end":{"line":1667,"column":67}},"3":{"start":{"line":1670,"column":2},"end":{"line":1674,"column":5}},"4":{"start":{"line":1676,"column":2},"end":{"line":1686,"column":4}},"5":{"start":{"line":1679,"column":6},"end":{"line":1679,"column":18}},"6":{"start":{"line":1684,"column":6},"end":{"line":1684,"column":18}},"7":{"start":{"line":1692,"column":23},"end":{"line":1692,"column":25}},"8":{"start":{"line":1693,"column":15},"end":{"line":1693,"column":37}},"9":{"start":{"line":1696,"column":23},"end":{"line":1696,"column":53}},"10":{"start":{"line":1698,"column":2},"end":{"line":1719,"column":3}},"11":{"start":{"line":1700,"column":4},"end":{"line":1718,"column":5}},"12":{"start":{"line":1717,"column":6},"end":{"line":1717,"column":52}},"13":{"start":{"line":1721,"column":2},"end":{"line":1721,"column":22}}},"fnMap":{"0":{"name":"(anonymous_0)","decl":{"start":{"line":1666,"column":29},"end":{"line":1666,"column":30}},"loc":{"start":{"line":1666,"column":53},"end":{"line":1687,"column":1}},"line":1666},"1":{"name":"(anonymous_1)","decl":{"start":{"line":1677,"column":16},"end":{"line":1677,"column":17}},"loc":{"start":{"line":1677,"column":22},"end":{"line":1680,"column":5}},"line":1677},"2":{"name":"(anonymous_2)","decl":{"start":{"line":1682,"column":14},"end":{"line":1682,"column":15}},"loc":{"start":{"line":1682,"column":20},"end":{"line":1685,"column":5}},"line":1682},"3":{"name":"getSystemDependencies","decl":{"start":{"line":1690,"column":9},"end":{"line":1690,"column":30}},"loc":{"start":{"line":1690,"column":33},"end":{"line":1722,"column":1}},"line":1690}},"branchMap":{"0":{"loc":{"start":{"line":1700,"column":4},"end":{"line":1718,"column":5}},"type":"if","locations":[{"start":{"line":1700,"column":4},"end":{"line":1718,"column":5}},{"start":{},"end":{}}],"line":1700},"1":{"loc":{"start":{"line":1700,"column":8},"end":{"line":1715,"column":45}},"type":"binary-expr","locations":[{"start":{"line":1700,"column":8},"end":{"line":1700,"column":38}},{"start":{"line":1701,"column":8},"end":{"line":1701,"column":38}},{"start":{"line":1702,"column":8},"end":{"line":1702,"column":35}},{"start":{"line":1703,"column":8},"end":{"line":1703,"column":45}},{"start":{"line":1704,"column":8},"end":{"line":1704,"column":35}},{"start":{"line":1705,"column":8},"end":{"line":1705,"column":37}},{"start":{"line":1706,"column":8},"end":{"line":1706,"column":44}},{"start":{"line":1707,"column":8},"end":{"line":1707,"column":38}},{"start":{"line":1708,"column":8},"end":{"line":1708,"column":38}},{"start":{"line":1709,"column":8},"end":{"line":1709,"column":38}},{"start":{"line":1710,"column":8},"end":{"line":1710,"column":42}},{"start":{"line":1711,"column":8},"end":{"line":1711,"column":38}},{"start":{"line":1712,"column":8},"end":{"line":1712,"column":40}},{"start":{"line":1713,"column":8},"end":{"line":1713,"column":38}},{"start":{"line":1714,"column":8},"end":{"line":1714,"column":39}},{"start":{"line":1715,"column":8},"end":{"line":1715,"column":45}}],"line":1700}},"s":{"0":0,"1":0,"2":0,"3":0,"4":0,"5":0,"6":0,"7":0,"8":0,"9":0,"10":0,"11":0,"12":0,"13":0},"f":{"0":0,"1":0,"2":0,"3":0},"b":{"0":[0,0],"1":[0,0,0,0,0,0,0,0,0,0,0,0,0,0,0,0]}}
,"F:\\Users\\Mizael\\WYDBR2.0\\src\\guild_systems\\sistema_guildas_completo.js": {"path":"F:\\Users\\Mizael\\WYDBR2.0\\src\\guild_systems\\sistema_guildas_completo.js","statementMap":{"0":{"start":{"line":10,"column":0},"end":{"line":1492,"column":2}},"1":{"start":{"line":1495,"column":0},"end":{"line":1516,"column":2}},"2":{"start":{"line":1496,"column":2},"end":{"line":1496,"column":65}},"3":{"start":{"line":1499,"column":2},"end":{"line":1503,"column":5}},"4":{"start":{"line":1505,"column":2},"end":{"line":1515,"column":4}},"5":{"start":{"line":1508,"column":6},"end":{"line":1508,"column":18}},"6":{"start":{"line":1513,"column":6},"end":{"line":1513,"column":18}},"7":{"start":{"line":1521,"column":23},"end":{"line":1521,"column":25}},"8":{"start":{"line":1522,"column":15},"end":{"line":1522,"column":37}},"9":{"start":{"line":1525,"column":23},"end":{"line":1525,"column":53}},"10":{"start":{"line":1527,"column":2},"end":{"line":1548,"column":3}},"11":{"start":{"line":1529,"column":4},"end":{"line":1547,"column":5}},"12":{"start":{"line":1546,"column":6},"end":{"line":1546,"column":52}},"13":{"start":{"line":1550,"column":2},"end":{"line":1550,"column":22}}},"fnMap":{"0":{"name":"(anonymous_0)","decl":{"start":{"line":1495,"column":29},"end":{"line":1495,"column":30}},"loc":{"start":{"line":1495,"column":53},"end":{"line":1516,"column":1}},"line":1495},"1":{"name":"(anonymous_1)","decl":{"start":{"line":1506,"column":16},"end":{"line":1506,"column":17}},"loc":{"start":{"line":1506,"column":22},"end":{"line":1509,"column":5}},"line":1506},"2":{"name":"(anonymous_2)","decl":{"start":{"line":1511,"column":14},"end":{"line":1511,"column":15}},"loc":{"start":{"line":1511,"column":20},"end":{"line":1514,"column":5}},"line":1511},"3":{"name":"getSystemDependencies","decl":{"start":{"line":1519,"column":9},"end":{"line":1519,"column":30}},"loc":{"start":{"line":1519,"column":33},"end":{"line":1551,"column":1}},"line":1519}},"branchMap":{"0":{"loc":{"start":{"line":1529,"column":4},"end":{"line":1547,"column":5}},"type":"if","locations":[{"start":{"line":1529,"column":4},"end":{"line":1547,"column":5}},{"start":{},"end":{}}],"line":1529},"1":{"loc":{"start":{"line":1529,"column":8},"end":{"line":1544,"column":45}},"type":"binary-expr","locations":[{"start":{"line":1529,"column":8},"end":{"line":1529,"column":38}},{"start":{"line":1530,"column":8},"end":{"line":1530,"column":38}},{"start":{"line":1531,"column":8},"end":{"line":1531,"column":35}},{"start":{"line":1532,"column":8},"end":{"line":1532,"column":45}},{"start":{"line":1533,"column":8},"end":{"line":1533,"column":35}},{"start":{"line":1534,"column":8},"end":{"line":1534,"column":37}},{"start":{"line":1535,"column":8},"end":{"line":1535,"column":44}},{"start":{"line":1536,"column":8},"end":{"line":1536,"column":38}},{"start":{"line":1537,"column":8},"end":{"line":1537,"column":38}},{"start":{"line":1538,"column":8},"end":{"line":1538,"column":38}},{"start":{"line":1539,"column":8},"end":{"line":1539,"column":42}},{"start":{"line":1540,"column":8},"end":{"line":1540,"column":38}},{"start":{"line":1541,"column":8},"end":{"line":1541,"column":40}},{"start":{"line":1542,"column":8},"end":{"line":1542,"column":38}},{"start":{"line":1543,"column":8},"end":{"line":1543,"column":39}},{"start":{"line":1544,"column":8},"end":{"line":1544,"column":45}}],"line":1529}},"s":{"0":0,"1":0,"2":0,"3":0,"4":0,"5":0,"6":0,"7":0,"8":0,"9":0,"10":0,"11":0,"12":0,"13":0},"f":{"0":0,"1":0,"2":0,"3":0},"b":{"0":[0,0],"1":[0,0,0,0,0,0,0,0,0,0,0,0,0,0,0,0]}}
,"F:\\Users\\Mizael\\WYDBR2.0\\src\\security_systems\\sistema_anti_ddos_avancado.js": {"path":"F:\\Users\\Mizael\\WYDBR2.0\\src\\security_systems\\sistema_anti_ddos_avancado.js","statementMap":{"0":{"start":{"line":10,"column":0},"end":{"line":1096,"column":2}},"1":{"start":{"line":1099,"column":0},"end":{"line":1120,"column":2}},"2":{"start":{"line":1100,"column":2},"end":{"line":1100,"column":67}},"3":{"start":{"line":1103,"column":2},"end":{"line":1107,"column":5}},"4":{"start":{"line":1109,"column":2},"end":{"line":1119,"column":4}},"5":{"start":{"line":1112,"column":6},"end":{"line":1112,"column":18}},"6":{"start":{"line":1117,"column":6},"end":{"line":1117,"column":18}},"7":{"start":{"line":1125,"column":23},"end":{"line":1125,"column":25}},"8":{"start":{"line":1126,"column":15},"end":{"line":1126,"column":37}},"9":{"start":{"line":1129,"column":23},"end":{"line":1129,"column":53}},"10":{"start":{"line":1131,"column":2},"end":{"line":1152,"column":3}},"11":{"start":{"line":1133,"column":4},"end":{"line":1151,"column":5}},"12":{"start":{"line":1150,"column":6},"end":{"line":1150,"column":52}},"13":{"start":{"line":1154,"column":2},"end":{"line":1154,"column":22}}},"fnMap":{"0":{"name":"(anonymous_0)","decl":{"start":{"line":1099,"column":29},"end":{"line":1099,"column":30}},"loc":{"start":{"line":1099,"column":53},"end":{"line":1120,"column":1}},"line":1099},"1":{"name":"(anonymous_1)","decl":{"start":{"line":1110,"column":16},"end":{"line":1110,"column":17}},"loc":{"start":{"line":1110,"column":22},"end":{"line":1113,"column":5}},"line":1110},"2":{"name":"(anonymous_2)","decl":{"start":{"line":1115,"column":14},"end":{"line":1115,"column":15}},"loc":{"start":{"line":1115,"column":20},"end":{"line":1118,"column":5}},"line":1115},"3":{"name":"getSystemDependencies","decl":{"start":{"line":1123,"column":9},"end":{"line":1123,"column":30}},"loc":{"start":{"line":1123,"column":33},"end":{"line":1155,"column":1}},"line":1123}},"branchMap":{"0":{"loc":{"start":{"line":1133,"column":4},"end":{"line":1151,"column":5}},"type":"if","locations":[{"start":{"line":1133,"column":4},"end":{"line":1151,"column":5}},{"start":{},"end":{}}],"line":1133},"1":{"loc":{"start":{"line":1133,"column":8},"end":{"line":1148,"column":45}},"type":"binary-expr","locations":[{"start":{"line":1133,"column":8},"end":{"line":1133,"column":38}},{"start":{"line":1134,"column":8},"end":{"line":1134,"column":38}},{"start":{"line":1135,"column":8},"end":{"line":1135,"column":35}},{"start":{"line":1136,"column":8},"end":{"line":1136,"column":45}},{"start":{"line":1137,"column":8},"end":{"line":1137,"column":35}},{"start":{"line":1138,"column":8},"end":{"line":1138,"column":37}},{"start":{"line":1139,"column":8},"end":{"line":1139,"column":44}},{"start":{"line":1140,"column":8},"end":{"line":1140,"column":38}},{"start":{"line":1141,"column":8},"end":{"line":1141,"column":38}},{"start":{"line":1142,"column":8},"end":{"line":1142,"column":38}},{"start":{"line":1143,"column":8},"end":{"line":1143,"column":42}},{"start":{"line":1144,"column":8},"end":{"line":1144,"column":38}},{"start":{"line":1145,"column":8},"end":{"line":1145,"column":40}},{"start":{"line":1146,"column":8},"end":{"line":1146,"column":38}},{"start":{"line":1147,"column":8},"end":{"line":1147,"column":39}},{"start":{"line":1148,"column":8},"end":{"line":1148,"column":45}}],"line":1133}},"s":{"0":0,"1":0,"2":0,"3":0,"4":0,"5":0,"6":0,"7":0,"8":0,"9":0,"10":0,"11":0,"12":0,"13":0},"f":{"0":0,"1":0,"2":0,"3":0},"b":{"0":[0,0],"1":[0,0,0,0,0,0,0,0,0,0,0,0,0,0,0,0]}}
,"F:\\Users\\Mizael\\WYDBR2.0\\src\\security_systems\\sistema_auditing_completo.js": {"path":"F:\\Users\\Mizael\\WYDBR2.0\\src\\security_systems\\sistema_auditing_completo.js","statementMap":{"0":{"start":{"line":10,"column":0},"end":{"line":1020,"column":2}},"1":{"start":{"line":1023,"column":0},"end":{"line":1044,"column":2}},"2":{"start":{"line":1024,"column":2},"end":{"line":1024,"column":66}},"3":{"start":{"line":1027,"column":2},"end":{"line":1031,"column":5}},"4":{"start":{"line":1033,"column":2},"end":{"line":1043,"column":4}},"5":{"start":{"line":1036,"column":6},"end":{"line":1036,"column":18}},"6":{"start":{"line":1041,"column":6},"end":{"line":1041,"column":18}},"7":{"start":{"line":1049,"column":23},"end":{"line":1049,"column":25}},"8":{"start":{"line":1050,"column":15},"end":{"line":1050,"column":37}},"9":{"start":{"line":1053,"column":23},"end":{"line":1053,"column":53}},"10":{"start":{"line":1055,"column":2},"end":{"line":1076,"column":3}},"11":{"start":{"line":1057,"column":4},"end":{"line":1075,"column":5}},"12":{"start":{"line":1074,"column":6},"end":{"line":1074,"column":52}},"13":{"start":{"line":1078,"column":2},"end":{"line":1078,"column":22}}},"fnMap":{"0":{"name":"(anonymous_0)","decl":{"start":{"line":1023,"column":29},"end":{"line":1023,"column":30}},"loc":{"start":{"line":1023,"column":53},"end":{"line":1044,"column":1}},"line":1023},"1":{"name":"(anonymous_1)","decl":{"start":{"line":1034,"column":16},"end":{"line":1034,"column":17}},"loc":{"start":{"line":1034,"column":22},"end":{"line":1037,"column":5}},"line":1034},"2":{"name":"(anonymous_2)","decl":{"start":{"line":1039,"column":14},"end":{"line":1039,"column":15}},"loc":{"start":{"line":1039,"column":20},"end":{"line":1042,"column":5}},"line":1039},"3":{"name":"getSystemDependencies","decl":{"start":{"line":1047,"column":9},"end":{"line":1047,"column":30}},"loc":{"start":{"line":1047,"column":33},"end":{"line":1079,"column":1}},"line":1047}},"branchMap":{"0":{"loc":{"start":{"line":1057,"column":4},"end":{"line":1075,"column":5}},"type":"if","locations":[{"start":{"line":1057,"column":4},"end":{"line":1075,"column":5}},{"start":{},"end":{}}],"line":1057},"1":{"loc":{"start":{"line":1057,"column":8},"end":{"line":1072,"column":45}},"type":"binary-expr","locations":[{"start":{"line":1057,"column":8},"end":{"line":1057,"column":38}},{"start":{"line":1058,"column":8},"end":{"line":1058,"column":38}},{"start":{"line":1059,"column":8},"end":{"line":1059,"column":35}},{"start":{"line":1060,"column":8},"end":{"line":1060,"column":45}},{"start":{"line":1061,"column":8},"end":{"line":1061,"column":35}},{"start":{"line":1062,"column":8},"end":{"line":1062,"column":37}},{"start":{"line":1063,"column":8},"end":{"line":1063,"column":44}},{"start":{"line":1064,"column":8},"end":{"line":1064,"column":38}},{"start":{"line":1065,"column":8},"end":{"line":1065,"column":38}},{"start":{"line":1066,"column":8},"end":{"line":1066,"column":38}},{"start":{"line":1067,"column":8},"end":{"line":1067,"column":42}},{"start":{"line":1068,"column":8},"end":{"line":1068,"column":38}},{"start":{"line":1069,"column":8},"end":{"line":1069,"column":40}},{"start":{"line":1070,"column":8},"end":{"line":1070,"column":38}},{"start":{"line":1071,"column":8},"end":{"line":1071,"column":39}},{"start":{"line":1072,"column":8},"end":{"line":1072,"column":45}}],"line":1057}},"s":{"0":0,"1":0,"2":0,"3":0,"4":0,"5":0,"6":0,"7":0,"8":0,"9":0,"10":0,"11":0,"12":0,"13":0},"f":{"0":0,"1":0,"2":0,"3":0},"b":{"0":[0,0],"1":[0,0,0,0,0,0,0,0,0,0,0,0,0,0,0,0]}}
,"F:\\Users\\Mizael\\WYDBR2.0\\src\\security_systems\\sistema_deteccao_anomalias.js": {"path":"F:\\Users\\Mizael\\WYDBR2.0\\src\\security_systems\\sistema_deteccao_anomalias.js","statementMap":{"0":{"start":{"line":10,"column":0},"end":{"line":1036,"column":2}},"1":{"start":{"line":1039,"column":0},"end":{"line":1060,"column":2}},"2":{"start":{"line":1040,"column":2},"end":{"line":1040,"column":67}},"3":{"start":{"line":1043,"column":2},"end":{"line":1047,"column":5}},"4":{"start":{"line":1049,"column":2},"end":{"line":1059,"column":4}},"5":{"start":{"line":1052,"column":6},"end":{"line":1052,"column":18}},"6":{"start":{"line":1057,"column":6},"end":{"line":1057,"column":18}},"7":{"start":{"line":1065,"column":23},"end":{"line":1065,"column":25}},"8":{"start":{"line":1066,"column":15},"end":{"line":1066,"column":37}},"9":{"start":{"line":1069,"column":23},"end":{"line":1069,"column":53}},"10":{"start":{"line":1071,"column":2},"end":{"line":1092,"column":3}},"11":{"start":{"line":1073,"column":4},"end":{"line":1091,"column":5}},"12":{"start":{"line":1090,"column":6},"end":{"line":1090,"column":52}},"13":{"start":{"line":1094,"column":2},"end":{"line":1094,"column":22}}},"fnMap":{"0":{"name":"(anonymous_0)","decl":{"start":{"line":1039,"column":29},"end":{"line":1039,"column":30}},"loc":{"start":{"line":1039,"column":53},"end":{"line":1060,"column":1}},"line":1039},"1":{"name":"(anonymous_1)","decl":{"start":{"line":1050,"column":16},"end":{"line":1050,"column":17}},"loc":{"start":{"line":1050,"column":22},"end":{"line":1053,"column":5}},"line":1050},"2":{"name":"(anonymous_2)","decl":{"start":{"line":1055,"column":14},"end":{"line":1055,"column":15}},"loc":{"start":{"line":1055,"column":20},"end":{"line":1058,"column":5}},"line":1055},"3":{"name":"getSystemDependencies","decl":{"start":{"line":1063,"column":9},"end":{"line":1063,"column":30}},"loc":{"start":{"line":1063,"column":33},"end":{"line":1095,"column":1}},"line":1063}},"branchMap":{"0":{"loc":{"start":{"line":1073,"column":4},"end":{"line":1091,"column":5}},"type":"if","locations":[{"start":{"line":1073,"column":4},"end":{"line":1091,"column":5}},{"start":{},"end":{}}],"line":1073},"1":{"loc":{"start":{"line":1073,"column":8},"end":{"line":1088,"column":45}},"type":"binary-expr","locations":[{"start":{"line":1073,"column":8},"end":{"line":1073,"column":38}},{"start":{"line":1074,"column":8},"end":{"line":1074,"column":38}},{"start":{"line":1075,"column":8},"end":{"line":1075,"column":35}},{"start":{"line":1076,"column":8},"end":{"line":1076,"column":45}},{"start":{"line":1077,"column":8},"end":{"line":1077,"column":35}},{"start":{"line":1078,"column":8},"end":{"line":1078,"column":37}},{"start":{"line":1079,"column":8},"end":{"line":1079,"column":44}},{"start":{"line":1080,"column":8},"end":{"line":1080,"column":38}},{"start":{"line":1081,"column":8},"end":{"line":1081,"column":38}},{"start":{"line":1082,"column":8},"end":{"line":1082,"column":38}},{"start":{"line":1083,"column":8},"end":{"line":1083,"column":42}},{"start":{"line":1084,"column":8},"end":{"line":1084,"column":38}},{"start":{"line":1085,"column":8},"end":{"line":1085,"column":40}},{"start":{"line":1086,"column":8},"end":{"line":1086,"column":38}},{"start":{"line":1087,"column":8},"end":{"line":1087,"column":39}},{"start":{"line":1088,"column":8},"end":{"line":1088,"column":45}}],"line":1073}},"s":{"0":0,"1":0,"2":0,"3":0,"4":0,"5":0,"6":0,"7":0,"8":0,"9":0,"10":0,"11":0,"12":0,"13":0},"f":{"0":0,"1":0,"2":0,"3":0},"b":{"0":[0,0],"1":[0,0,0,0,0,0,0,0,0,0,0,0,0,0,0,0]}}
,"F:\\Users\\Mizael\\WYDBR2.0\\src\\security_systems\\sistema_protecao_exploits.js": {"path":"F:\\Users\\Mizael\\WYDBR2.0\\src\\security_systems\\sistema_protecao_exploits.js","statementMap":{"0":{"start":{"line":10,"column":0},"end":{"line":1359,"column":2}},"1":{"start":{"line":1362,"column":0},"end":{"line":1383,"column":2}},"2":{"start":{"line":1363,"column":2},"end":{"line":1363,"column":66}},"3":{"start":{"line":1366,"column":2},"end":{"line":1370,"column":5}},"4":{"start":{"line":1372,"column":2},"end":{"line":1382,"column":4}},"5":{"start":{"line":1375,"column":6},"end":{"line":1375,"column":18}},"6":{"start":{"line":1380,"column":6},"end":{"line":1380,"column":18}},"7":{"start":{"line":1388,"column":23},"end":{"line":1388,"column":25}},"8":{"start":{"line":1389,"column":15},"end":{"line":1389,"column":37}},"9":{"start":{"line":1392,"column":23},"end":{"line":1392,"column":53}},"10":{"start":{"line":1394,"column":2},"end":{"line":1415,"column":3}},"11":{"start":{"line":1396,"column":4},"end":{"line":1414,"column":5}},"12":{"start":{"line":1413,"column":6},"end":{"line":1413,"column":52}},"13":{"start":{"line":1417,"column":2},"end":{"line":1417,"column":22}}},"fnMap":{"0":{"name":"(anonymous_0)","decl":{"start":{"line":1362,"column":29},"end":{"line":1362,"column":30}},"loc":{"start":{"line":1362,"column":53},"end":{"line":1383,"column":1}},"line":1362},"1":{"name":"(anonymous_1)","decl":{"start":{"line":1373,"column":16},"end":{"line":1373,"column":17}},"loc":{"start":{"line":1373,"column":22},"end":{"line":1376,"column":5}},"line":1373},"2":{"name":"(anonymous_2)","decl":{"start":{"line":1378,"column":14},"end":{"line":1378,"column":15}},"loc":{"start":{"line":1378,"column":20},"end":{"line":1381,"column":5}},"line":1378},"3":{"name":"getSystemDependencies","decl":{"start":{"line":1386,"column":9},"end":{"line":1386,"column":30}},"loc":{"start":{"line":1386,"column":33},"end":{"line":1418,"column":1}},"line":1386}},"branchMap":{"0":{"loc":{"start":{"line":1396,"column":4},"end":{"line":1414,"column":5}},"type":"if","locations":[{"start":{"line":1396,"column":4},"end":{"line":1414,"column":5}},{"start":{},"end":{}}],"line":1396},"1":{"loc":{"start":{"line":1396,"column":8},"end":{"line":1411,"column":45}},"type":"binary-expr","locations":[{"start":{"line":1396,"column":8},"end":{"line":1396,"column":38}},{"start":{"line":1397,"column":8},"end":{"line":1397,"column":38}},{"start":{"line":1398,"column":8},"end":{"line":1398,"column":35}},{"start":{"line":1399,"column":8},"end":{"line":1399,"column":45}},{"start":{"line":1400,"column":8},"end":{"line":1400,"column":35}},{"start":{"line":1401,"column":8},"end":{"line":1401,"column":37}},{"start":{"line":1402,"column":8},"end":{"line":1402,"column":44}},{"start":{"line":1403,"column":8},"end":{"line":1403,"column":38}},{"start":{"line":1404,"column":8},"end":{"line":1404,"column":38}},{"start":{"line":1405,"column":8},"end":{"line":1405,"column":38}},{"start":{"line":1406,"column":8},"end":{"line":1406,"column":42}},{"start":{"line":1407,"column":8},"end":{"line":1407,"column":38}},{"start":{"line":1408,"column":8},"end":{"line":1408,"column":40}},{"start":{"line":1409,"column":8},"end":{"line":1409,"column":38}},{"start":{"line":1410,"column":8},"end":{"line":1410,"column":39}},{"start":{"line":1411,"column":8},"end":{"line":1411,"column":45}}],"line":1396}},"s":{"0":0,"1":0,"2":0,"3":0,"4":0,"5":0,"6":0,"7":0,"8":0,"9":0,"10":0,"11":0,"12":0,"13":0},"f":{"0":0,"1":0,"2":0,"3":0},"b":{"0":[0,0],"1":[0,0,0,0,0,0,0,0,0,0,0,0,0,0,0,0]}}
}
