TN:
SF:src\game_system_manager.js
FN:4,(anonymous_0)
FN:29,(anonymous_1)
FN:40,(anonymous_2)
FN:69,(anonymous_3)
FN:72,(anonymous_4)
FN:85,(anonymous_5)
FN:88,(anonymous_6)
FN:104,(anonymous_7)
FN:109,(anonymous_8)
FN:121,(anonymous_9)
FN:134,(anonymous_10)
FN:137,(anonymous_11)
FNF:12
FNH:11
FNDA:6,(anonymous_0)
FNDA:12,(anonymous_1)
FNDA:10,(anonymous_2)
FNDA:5,(anonymous_3)
FNDA:6,(anonymous_4)
FNDA:3,(anonymous_5)
FNDA:7,(anonymous_6)
FNDA:7,(anonymous_7)
FNDA:0,(anonymous_8)
FNDA:2,(anonymous_9)
FNDA:1,(anonymous_10)
FNDA:1,(anonymous_11)
DA:1,1
DA:5,6
DA:6,6
DA:7,6
DA:8,6
DA:12,1
DA:22,1
DA:30,12
DA:36,12
DA:37,12
DA:41,10
DA:42,10
DA:45,10
DA:46,3
DA:47,3
DA:48,0
DA:52,10
DA:53,10
DA:54,10
DA:56,10
DA:58,7
DA:59,7
DA:60,7
DA:62,3
DA:63,3
DA:64,3
DA:65,3
DA:71,5
DA:72,6
DA:74,5
DA:75,10
DA:76,10
DA:77,10
DA:79,3
DA:87,3
DA:88,7
DA:91,3
DA:92,1
DA:93,0
DA:94,0
DA:95,0
DA:96,0
DA:98,0
DA:105,7
DA:106,7
DA:110,0
DA:111,0
DA:112,0
DA:118,0
DA:122,2
DA:123,2
DA:125,2
DA:126,2
DA:127,2
DA:128,2
DA:130,0
DA:136,1
DA:137,1
DA:139,1
DA:140,2
DA:145,1
LF:61
LH:50
BRDA:29,0,0,10
BRDA:34,1,0,12
BRDA:34,1,1,0
BRDA:42,2,0,0
BRDA:42,2,1,10
BRDA:47,3,0,0
BRDA:47,3,1,3
BRDA:47,4,0,3
BRDA:47,4,1,3
BRDA:75,5,0,10
BRDA:75,5,1,0
BRDA:77,6,0,3
BRDA:77,6,1,7
BRDA:92,7,0,0
BRDA:92,7,1,1
BRDA:106,8,0,7
BRDA:106,8,1,0
BRDA:123,9,0,0
BRDA:123,9,1,2
BRF:19
BRH:12
end_of_record
